<?xml version="1.0" encoding="UTF-8"?>
<coverage generated="1649760729548" clover="3.2.0">
  <project timestamp="1649760729548" name="All files">
    <metrics statements="181" coveredstatements="153" conditionals="284" coveredconditionals="160" methods="26" coveredmethods="23" elements="491" coveredelements="336" complexity="0" loc="181" ncloc="181" packages="4" files="14" classes="14"/>
    <package name="src">
      <metrics statements="4" coveredstatements="4" conditionals="0" coveredconditionals="0" methods="0" coveredmethods="0"/>
      <file name="global.d.ts" path="/Users/huangyi17/Public/work/test/schema-form/packages/element/src/global.d.ts">
        <metrics statements="0" coveredstatements="0" conditionals="0" coveredconditionals="0" methods="0" coveredmethods="0"/>
      </file>
      <file name="index.tsx" path="/Users/huangyi17/Public/work/test/schema-form/packages/element/src/index.tsx">
        <metrics statements="4" coveredstatements="4" conditionals="0" coveredconditionals="0" methods="0" coveredmethods="0"/>
        <line num="7" count="1" type="stmt"/>
        <line num="8" count="1" type="stmt"/>
        <line num="10" count="1" type="stmt"/>
        <line num="12" count="1" type="stmt"/>
      </file>
    </package>
    <package name="src.components">
      <metrics statements="88" coveredstatements="62" conditionals="114" coveredconditionals="57" methods="11" coveredmethods="10"/>
      <file name="Element.tsx" path="/Users/huangyi17/Public/work/test/schema-form/packages/element/src/components/Element.tsx">
        <metrics statements="48" coveredstatements="25" conditionals="61" coveredconditionals="21" methods="4" coveredmethods="4"/>
        <line num="7" count="2" type="stmt"/>
        <line num="37" count="2" type="stmt"/>
        <line num="56" count="2" type="stmt"/>
        <line num="57" count="2" type="stmt"/>
        <line num="58" count="2" type="stmt"/>
        <line num="59" count="2" type="stmt"/>
        <line num="115" count="41" type="stmt"/>
        <line num="116" count="41" type="cond" truecount="4" falsecount="0"/>
        <line num="117" count="41" type="cond" truecount="4" falsecount="0"/>
        <line num="118" count="41" type="stmt"/>
        <line num="119" count="4" type="stmt"/>
        <line num="120" count="4" type="stmt"/>
        <line num="121" count="4" type="cond" truecount="6" falsecount="2"/>
        <line num="122" count="4" type="cond" truecount="3" falsecount="1"/>
        <line num="124" count="41" type="stmt"/>
        <line num="125" count="19" type="stmt"/>
        <line num="128" count="41" type="stmt"/>
        <line num="129" count="24" type="stmt"/>
        <line num="132" count="41" type="cond" truecount="4" falsecount="23"/>
        <line num="134" count="9" type="stmt"/>
        <line num="136" count="4" type="stmt"/>
        <line num="138" count="22" type="stmt"/>
        <line num="149" count="0" type="stmt"/>
        <line num="161" count="0" type="stmt"/>
        <line num="163" count="0" type="stmt"/>
        <line num="165" count="0" type="stmt"/>
        <line num="167" count="0" type="stmt"/>
        <line num="169" count="0" type="stmt"/>
        <line num="171" count="0" type="stmt"/>
        <line num="173" count="6" type="stmt"/>
        <line num="175" count="0" type="stmt"/>
        <line num="177" count="0" type="stmt"/>
        <line num="179" count="0" type="stmt"/>
        <line num="181" count="0" type="stmt"/>
        <line num="183" count="0" type="stmt"/>
        <line num="185" count="0" type="stmt"/>
        <line num="187" count="0" type="stmt"/>
        <line num="189" count="0" type="stmt"/>
        <line num="191" count="0" type="stmt"/>
        <line num="202" count="0" type="stmt"/>
        <line num="204" count="0" type="stmt"/>
        <line num="206" count="0" type="stmt"/>
        <line num="224" count="0" type="stmt"/>
        <line num="226" count="0" type="stmt"/>
        <line num="228" count="0" type="stmt"/>
        <line num="230" count="0" type="stmt"/>
        <line num="233" count="2" type="stmt"/>
        <line num="234" count="2" type="stmt"/>
      </file>
      <file name="Field.tsx" path="/Users/huangyi17/Public/work/test/schema-form/packages/element/src/components/Field.tsx">
        <metrics statements="9" coveredstatements="9" conditionals="16" coveredconditionals="14" methods="1" coveredmethods="1"/>
        <line num="8" count="4" type="stmt"/>
        <line num="10" count="4" type="stmt"/>
        <line num="11" count="4" type="stmt"/>
        <line num="14" count="4" type="stmt"/>
        <line num="15" count="99" type="cond" truecount="2" falsecount="0"/>
        <line num="16" count="33" type="cond" truecount="10" falsecount="2"/>
        <line num="17" count="33" type="stmt"/>
        <line num="27" count="4" type="stmt"/>
        <line num="28" count="4" type="stmt"/>
      </file>
      <file name="InputWrap.tsx" path="/Users/huangyi17/Public/work/test/schema-form/packages/element/src/components/InputWrap.tsx">
        <metrics statements="27" coveredstatements="24" conditionals="33" coveredconditionals="20" methods="5" coveredmethods="4"/>
        <line num="7" count="5" type="stmt"/>
        <line num="9" count="5" type="stmt"/>
        <line num="10" count="5" type="stmt"/>
        <line num="13" count="42" type="cond" truecount="2" falsecount="0"/>
        <line num="15" count="42" type="stmt"/>
        <line num="17" count="42" type="cond" truecount="1" falsecount="1"/>
        <line num="19" count="42" type="stmt"/>
        <line num="20" count="7" type="stmt"/>
        <line num="21" count="7" type="stmt"/>
        <line num="22" count="7" type="cond" truecount="3" falsecount="1"/>
        <line num="25" count="42" type="stmt"/>
        <line num="26" count="1" type="stmt"/>
        <line num="27" count="1" type="cond" truecount="3" falsecount="1"/>
        <line num="28" count="1" type="cond" truecount="1" falsecount="1"/>
        <line num="29" count="0" type="stmt"/>
        <line num="30" count="0" type="cond" truecount="0" falsecount="4"/>
        <line num="31" count="0" type="cond" truecount="0" falsecount="2"/>
        <line num="34" count="1" type="cond" truecount="3" falsecount="1"/>
        <line num="35" count="1" type="cond" truecount="1" falsecount="1"/>
        <line num="38" count="1" type="stmt"/>
        <line num="39" count="1" type="cond" truecount="3" falsecount="1"/>
        <line num="41" count="42" type="stmt"/>
        <line num="42" count="30" type="cond" truecount="3" falsecount="0"/>
        <line num="43" count="4" type="stmt"/>
        <line num="48" count="42" type="stmt"/>
        <line num="59" count="5" type="stmt"/>
        <line num="60" count="5" type="stmt"/>
      </file>
      <file name="Text.tsx" path="/Users/huangyi17/Public/work/test/schema-form/packages/element/src/components/Text.tsx">
        <metrics statements="4" coveredstatements="4" conditionals="4" coveredconditionals="2" methods="1" coveredmethods="1"/>
        <line num="7" count="5" type="stmt"/>
        <line num="8" count="5" type="stmt"/>
        <line num="11" count="16" type="cond" truecount="1" falsecount="1"/>
        <line num="25" count="5" type="stmt"/>
      </file>
    </package>
    <package name="src.components.ListWrap">
      <metrics statements="8" coveredstatements="8" conditionals="8" coveredconditionals="7" methods="2" coveredmethods="2"/>
      <file name="index.tsx" path="/Users/huangyi17/Public/work/test/schema-form/packages/element/src/components/ListWrap/index.tsx">
        <metrics statements="8" coveredstatements="8" conditionals="8" coveredconditionals="7" methods="2" coveredmethods="2"/>
        <line num="7" count="3" type="stmt"/>
        <line num="9" count="3" type="stmt"/>
        <line num="11" count="3" type="stmt"/>
        <line num="12" count="21" type="stmt"/>
        <line num="13" count="7" type="stmt"/>
        <line num="18" count="14" type="stmt"/>
        <line num="29" count="3" type="stmt"/>
        <line num="30" count="3" type="stmt"/>
      </file>
    </package>
    <package name="src.components.SchemaForm">
      <metrics statements="81" coveredstatements="79" conditionals="162" coveredconditionals="96" methods="13" coveredmethods="11"/>
      <file name="CustomLayout.tsx" path="/Users/huangyi17/Public/work/test/schema-form/packages/element/src/components/SchemaForm/CustomLayout.tsx">
        <metrics statements="12" coveredstatements="12" conditionals="36" coveredconditionals="29" methods="2" coveredmethods="2"/>
        <line num="7" count="1" type="stmt"/>
        <line num="10" count="1" type="stmt"/>
        <line num="11" count="1" type="stmt"/>
        <line num="13" count="1" type="stmt"/>
        <line num="14" count="6" type="cond" truecount="1" falsecount="1"/>
        <line num="15" count="6" type="cond" truecount="1" falsecount="1"/>
        <line num="16" count="6" type="stmt"/>
        <line num="17" count="6" type="stmt"/>
        <line num="18" count="6" type="stmt"/>
        <line num="20" count="6" type="stmt"/>
        <line num="23" count="11" type="stmt"/>
        <line num="45" count="1" type="stmt"/>
      </file>
      <file name="ItemGroupWrap.tsx" path="/Users/huangyi17/Public/work/test/schema-form/packages/element/src/components/SchemaForm/ItemGroupWrap.tsx">
        <metrics statements="6" coveredstatements="4" conditionals="32" coveredconditionals="0" methods="2" coveredmethods="0"/>
        <line num="7" count="1" type="stmt"/>
        <line num="9" count="1" type="stmt"/>
        <line num="18" count="1" type="stmt"/>
        <line num="19" count="0" type="stmt"/>
        <line num="22" count="0" type="stmt"/>
        <line num="35" count="1" type="stmt"/>
      </file>
      <file name="ItemWrap.tsx" path="/Users/huangyi17/Public/work/test/schema-form/packages/element/src/components/SchemaForm/ItemWrap.tsx">
        <metrics statements="17" coveredstatements="17" conditionals="16" coveredconditionals="11" methods="1" coveredmethods="1"/>
        <line num="7" count="1" type="stmt"/>
        <line num="8" count="1" type="stmt"/>
        <line num="10" count="1" type="stmt"/>
        <line num="11" count="1" type="stmt"/>
        <line num="13" count="1" type="stmt"/>
        <line num="15" count="1" type="stmt"/>
        <line num="16" count="13" type="stmt"/>
        <line num="17" count="13" type="stmt"/>
        <line num="18" count="13" type="stmt"/>
        <line num="19" count="13" type="stmt"/>
        <line num="20" count="13" type="stmt"/>
        <line num="21" count="13" type="cond" truecount="1" falsecount="1"/>
        <line num="22" count="13" type="cond" truecount="1" falsecount="1"/>
        <line num="23" count="13" type="stmt"/>
        <line num="25" count="13" type="stmt"/>
        <line num="26" count="13" type="stmt"/>
        <line num="56" count="1" type="stmt"/>
      </file>
      <file name="RenderWrap.tsx" path="/Users/huangyi17/Public/work/test/schema-form/packages/element/src/components/SchemaForm/RenderWrap.tsx">
        <metrics statements="15" coveredstatements="15" conditionals="16" coveredconditionals="12" methods="4" coveredmethods="4"/>
        <line num="7" count="1" type="stmt"/>
        <line num="9" count="1" type="stmt"/>
        <line num="16" count="7" type="stmt"/>
        <line num="17" count="7" type="stmt"/>
        <line num="18" count="7" type="stmt"/>
        <line num="19" count="1" type="stmt"/>
        <line num="20" count="1" type="stmt"/>
        <line num="21" count="1" type="cond" truecount="6" falsecount="2"/>
        <line num="22" count="1" type="cond" truecount="3" falsecount="1"/>
        <line num="24" count="7" type="stmt"/>
        <line num="25" count="3" type="stmt"/>
        <line num="28" count="7" type="stmt"/>
        <line num="29" count="3" type="stmt"/>
        <line num="32" count="7" type="stmt"/>
        <line num="43" count="1" type="stmt"/>
      </file>
      <file name="RowLayout.tsx" path="/Users/huangyi17/Public/work/test/schema-form/packages/element/src/components/SchemaForm/RowLayout.tsx">
        <metrics statements="17" coveredstatements="17" conditionals="44" coveredconditionals="28" methods="2" coveredmethods="2"/>
        <line num="7" count="1" type="stmt"/>
        <line num="8" count="1" type="stmt"/>
        <line num="11" count="1" type="stmt"/>
        <line num="12" count="1" type="stmt"/>
        <line num="13" count="1" type="stmt"/>
        <line num="15" count="1" type="stmt"/>
        <line num="16" count="1" type="cond" truecount="1" falsecount="1"/>
        <line num="17" count="1" type="cond" truecount="1" falsecount="1"/>
        <line num="18" count="1" type="stmt"/>
        <line num="19" count="1" type="stmt"/>
        <line num="20" count="1" type="stmt"/>
        <line num="22" count="1" type="cond" truecount="2" falsecount="2"/>
        <line num="23" count="1" type="stmt"/>
        <line num="25" count="2" type="stmt"/>
        <line num="26" count="2" type="stmt"/>
        <line num="27" count="2" type="stmt"/>
        <line num="49" count="1" type="stmt"/>
      </file>
      <file name="index.tsx" path="/Users/huangyi17/Public/work/test/schema-form/packages/element/src/components/SchemaForm/index.tsx">
        <metrics statements="9" coveredstatements="9" conditionals="12" coveredconditionals="11" methods="1" coveredmethods="1"/>
        <line num="1" count="1" type="stmt"/>
        <line num="2" count="1" type="stmt"/>
        <line num="5" count="1" type="stmt"/>
        <line num="6" count="1" type="stmt"/>
        <line num="8" count="8" type="cond" truecount="2" falsecount="0"/>
        <line num="9" count="16" type="cond" truecount="2" falsecount="0"/>
        <line num="10" count="8" type="stmt"/>
        <line num="24" count="1" type="stmt"/>
        <line num="25" count="1" type="stmt"/>
      </file>
      <file name="utils.ts" path="/Users/huangyi17/Public/work/test/schema-form/packages/element/src/components/SchemaForm/utils.ts">
        <metrics statements="5" coveredstatements="5" conditionals="6" coveredconditionals="5" methods="1" coveredmethods="1"/>
        <line num="9" count="5" type="stmt"/>
        <line num="11" count="12" type="cond" truecount="5" falsecount="1"/>
        <line num="12" count="4" type="stmt"/>
        <line num="14" count="8" type="stmt"/>
        <line num="16" count="12" type="stmt"/>
      </file>
    </package>
  </project>
</coverage>
