{
  "/Users/huangyi17/Public/work/test/schema-form/packages/element/src/global.d.ts": {
    "path": "/Users/huangyi17/Public/work/test/schema-form/packages/element/src/global.d.ts",
    "statementMap": {},
    "fnMap": {},
    "branchMap": {},
    "s": {},
    "f": {},
    "b": {},
    "inputSourceMap": null
  },
  "/Users/huangyi17/Public/work/test/schema-form/packages/element/src/index.tsx": {
    "path": "/Users/huangyi17/Public/work/test/schema-form/packages/element/src/index.tsx",
    "statementMap": {
      "0": { "start": { "line": 7, "column": 0 }, "end": { "line": 7, "column": 7 } },
      "1": { "start": { "line": 10, "column": 9 }, "end": { "line": 7, "column": 43 } },
      "2": { "start": { "line": 8, "column": 0 }, "end": { "line": 8, "column": 7 } },
      "3": { "start": { "line": 10, "column": 18 }, "end": { "line": 8, "column": 49 } },
      "4": { "start": { "line": 12, "column": 0 }, "end": { "line": 12, "column": 23 } }
    },
    "fnMap": {},
    "branchMap": {},
    "s": { "0": 1, "1": 1, "2": 1, "3": 1, "4": 1 },
    "f": {},
    "b": {}
  },
  "/Users/huangyi17/Public/work/test/schema-form/packages/element/src/components/Element.tsx": {
    "path": "/Users/huangyi17/Public/work/test/schema-form/packages/element/src/components/Element.tsx",
    "statementMap": {
      "0": { "start": { "line": 7, "column": 0 }, "end": { "line": 7, "column": 51 } },
      "1": { "start": { "line": 37, "column": 0 }, "end": { "line": 37, "column": null } },
      "2": { "start": { "line": 56, "column": 0 }, "end": { "line": 56, "column": 28 } },
      "3": { "start": { "line": 57, "column": 0 }, "end": { "line": 57, "column": 26 } },
      "4": { "start": { "line": 58, "column": 0 }, "end": { "line": 58, "column": 34 } },
      "5": { "start": { "line": 59, "column": 0 }, "end": { "line": 59, "column": 55 } },
      "6": { "start": { "line": 115, "column": 23 }, "end": { "line": 115, "column": 25 } },
      "7": { "start": { "line": 115, "column": 35 }, "end": { "line": 115, "column": 37 } },
      "8": { "start": { "line": 115, "column": 45 }, "end": { "line": 115, "column": 50 } },
      "9": { "start": { "line": 115, "column": 60 }, "end": { "line": 115, "column": 70 } },
      "10": { "start": { "line": 116, "column": 50 }, "end": { "line": 116, "column": 75 } },
      "11": { "start": { "line": 116, "column": 18 }, "end": { "line": 116, "column": 20 } },
      "12": { "start": { "line": 116, "column": 25 }, "end": { "line": 116, "column": 30 } },
      "13": { "start": { "line": 116, "column": 45 }, "end": { "line": 116, "column": 50 } },
      "14": { "start": { "line": 117, "column": 24 }, "end": { "line": 117, "column": 59 } },
      "15": { "start": { "line": 117, "column": 12 }, "end": { "line": 117, "column": 14 } },
      "16": { "start": { "line": 117, "column": 20 }, "end": { "line": 117, "column": 24 } },
      "17": { "start": { "line": 118, "column": 23 }, "end": { "line": 123, "column": 3 } },
      "18": { "start": { "line": 119, "column": 19 }, "end": { "line": 119, "column": 44 } },
      "19": { "start": { "line": 120, "column": 4 }, "end": { "line": 120, "column": 19 } },
      "20": { "start": { "line": 121, "column": 4 }, "end": { "line": 121, "column": 40 } },
      "21": { "start": { "line": 122, "column": 4 }, "end": { "line": 122, "column": 23 } },
      "22": { "start": { "line": 124, "column": 2 }, "end": { "line": 126, "column": 14 } },
      "23": { "start": { "line": 125, "column": 4 }, "end": { "line": 125, "column": 18 } },
      "24": { "start": { "line": 128, "column": 2 }, "end": { "line": 130, "column": 25 } },
      "25": { "start": { "line": 129, "column": 4 }, "end": { "line": 129, "column": 29 } },
      "26": { "start": { "line": 132, "column": 2 }, "end": { "line": 231, "column": null } },
      "27": { "start": { "line": 134, "column": 6 }, "end": { "line": 134, "column": 71 } },
      "28": { "start": { "line": 136, "column": 6 }, "end": { "line": 136, "column": 75 } },
      "29": { "start": { "line": 138, "column": 6 }, "end": { "line": 146, "column": 8 } },
      "30": { "start": { "line": 149, "column": 6 }, "end": { "line": 159, "column": 8 } },
      "31": { "start": { "line": 161, "column": 6 }, "end": { "line": 161, "column": 89 } },
      "32": { "start": { "line": 163, "column": 6 }, "end": { "line": 163, "column": 87 } },
      "33": { "start": { "line": 165, "column": 6 }, "end": { "line": 165, "column": 89 } },
      "34": { "start": { "line": 167, "column": 6 }, "end": { "line": 167, "column": 86 } },
      "35": { "start": { "line": 169, "column": 6 }, "end": { "line": 169, "column": 81 } },
      "36": { "start": { "line": 171, "column": 6 }, "end": { "line": 171, "column": 85 } },
      "37": { "start": { "line": 173, "column": 6 }, "end": { "line": 173, "column": 97 } },
      "38": { "start": { "line": 175, "column": 6 }, "end": { "line": 175, "column": 85 } },
      "39": { "start": { "line": 177, "column": 6 }, "end": { "line": 177, "column": 97 } },
      "40": { "start": { "line": 179, "column": 6 }, "end": { "line": 179, "column": 85 } },
      "41": { "start": { "line": 181, "column": 6 }, "end": { "line": 181, "column": 89 } },
      "42": { "start": { "line": 183, "column": 6 }, "end": { "line": 183, "column": 86 } },
      "43": { "start": { "line": 185, "column": 6 }, "end": { "line": 185, "column": 79 } },
      "44": { "start": { "line": 187, "column": 6 }, "end": { "line": 187, "column": 81 } },
      "45": { "start": { "line": 189, "column": 6 }, "end": { "line": 189, "column": 83 } },
      "46": { "start": { "line": 191, "column": 6 }, "end": { "line": 200, "column": 8 } },
      "47": { "start": { "line": 202, "column": 6 }, "end": { "line": 202, "column": 79 } },
      "48": { "start": { "line": 204, "column": 6 }, "end": { "line": 204, "column": 78 } },
      "49": { "start": { "line": 206, "column": 6 }, "end": { "line": 222, "column": 8 } },
      "50": { "start": { "line": 224, "column": 6 }, "end": { "line": 224, "column": 61 } },
      "51": { "start": { "line": 226, "column": 6 }, "end": { "line": 226, "column": 85 } },
      "52": { "start": { "line": 228, "column": 6 }, "end": { "line": 228, "column": 83 } },
      "53": { "start": { "line": 230, "column": 6 }, "end": { "line": 230, "column": 39 } },
      "54": { "start": { "line": 233, "column": 0 }, "end": { "line": 233, "column": 32 } },
      "55": { "start": { "line": 234, "column": 0 }, "end": { "line": 234, "column": 23 } }
    },
    "fnMap": {
      "0": {
        "name": "Element",
        "decl": { "start": { "line": 115, "column": 9 }, "end": { "line": 115, "column": 16 } },
        "loc": { "start": { "line": 115, "column": 70 }, "end": { "line": 232, "column": 1 } }
      },
      "1": {
        "name": "(anonymous_11)",
        "decl": { "start": { "line": 118, "column": 23 }, "end": { "line": 118, "column": 24 } },
        "loc": { "start": { "line": 118, "column": 35 }, "end": { "line": 123, "column": 3 } }
      },
      "2": {
        "name": "(anonymous_12)",
        "decl": { "start": { "line": 124, "column": 12 }, "end": { "line": 124, "column": null } },
        "loc": { "start": { "line": 124, "column": 12 }, "end": { "line": 126, "column": 3 } }
      },
      "3": {
        "name": "(anonymous_13)",
        "decl": { "start": { "line": 128, "column": 12 }, "end": { "line": 128, "column": null } },
        "loc": { "start": { "line": 128, "column": 12 }, "end": { "line": 130, "column": 3 } }
      }
    },
    "branchMap": {
      "0": {
        "loc": { "start": { "line": 116, "column": 50 }, "end": { "line": 116, "column": 75 } },
        "type": "cond-expr",
        "locations": [
          { "start": { "line": 116, "column": 69 }, "end": { "line": 116, "column": 73 } },
          { "start": { "line": 116, "column": 73 }, "end": { "line": 116, "column": 75 } }
        ]
      },
      "1": {
        "loc": { "start": { "line": 116, "column": 50 }, "end": { "line": 116, "column": 73 } },
        "type": "binary-expr",
        "locations": [
          { "start": { "line": 116, "column": 50 }, "end": { "line": 116, "column": 73 } },
          { "start": { "line": 116, "column": 69 }, "end": { "line": 116, "column": 73 } }
        ]
      },
      "2": {
        "loc": { "start": { "line": 117, "column": 33 }, "end": { "line": 117, "column": 58 } },
        "type": "cond-expr",
        "locations": [
          { "start": { "line": 117, "column": 33 }, "end": { "line": 117, "column": 38 } },
          { "start": { "line": 117, "column": 42 }, "end": { "line": 117, "column": 58 } }
        ]
      },
      "3": {
        "loc": { "start": { "line": 117, "column": 33 }, "end": { "line": 117, "column": 42 } },
        "type": "binary-expr",
        "locations": [
          { "start": { "line": 117, "column": 33 }, "end": { "line": 117, "column": 42 } },
          { "start": { "line": 117, "column": 33 }, "end": { "line": 117, "column": 42 } }
        ]
      },
      "4": {
        "loc": { "start": { "line": 121, "column": 4 }, "end": { "line": 121, "column": 39 } },
        "type": "cond-expr",
        "locations": [
          { "start": { "line": 121, "column": 29 }, "end": { "line": 121, "column": 32 } },
          { "start": { "line": 121, "column": 29 }, "end": { "line": 121, "column": 39 } }
        ]
      },
      "5": {
        "loc": { "start": { "line": 121, "column": 4 }, "end": { "line": 121, "column": 32 } },
        "type": "binary-expr",
        "locations": [
          { "start": { "line": 121, "column": 4 }, "end": { "line": 121, "column": 32 } },
          { "start": { "line": 121, "column": 29 }, "end": { "line": 121, "column": 32 } }
        ]
      },
      "6": {
        "loc": { "start": { "line": 121, "column": 4 }, "end": { "line": 121, "column": 29 } },
        "type": "cond-expr",
        "locations": [
          { "start": { "line": 121, "column": 19 }, "end": { "line": 121, "column": 21 } },
          { "start": { "line": 121, "column": 4 }, "end": { "line": 121, "column": 29 } }
        ]
      },
      "7": {
        "loc": { "start": { "line": 121, "column": 4 }, "end": { "line": 121, "column": 21 } },
        "type": "binary-expr",
        "locations": [
          { "start": { "line": 121, "column": 4 }, "end": { "line": 121, "column": 21 } },
          { "start": { "line": 121, "column": 4 }, "end": { "line": 121, "column": 21 } }
        ]
      },
      "8": {
        "loc": { "start": { "line": 122, "column": 4 }, "end": { "line": 122, "column": 22 } },
        "type": "cond-expr",
        "locations": [
          { "start": { "line": 122, "column": 12 }, "end": { "line": 122, "column": 15 } },
          { "start": { "line": 122, "column": 4 }, "end": { "line": 122, "column": 22 } }
        ]
      },
      "9": {
        "loc": { "start": { "line": 122, "column": 4 }, "end": { "line": 122, "column": 15 } },
        "type": "binary-expr",
        "locations": [
          { "start": { "line": 122, "column": 4 }, "end": { "line": 122, "column": 15 } },
          { "start": { "line": 122, "column": 4 }, "end": { "line": 122, "column": 15 } }
        ]
      },
      "10": {
        "loc": { "start": { "line": 132, "column": 2 }, "end": { "line": 231, "column": null } },
        "type": "switch",
        "locations": [
          { "start": { "line": 133, "column": 4 }, "end": { "line": 134, "column": 71 } },
          { "start": { "line": 135, "column": 4 }, "end": { "line": 136, "column": 75 } },
          { "start": { "line": 137, "column": 4 }, "end": { "line": 146, "column": 8 } },
          { "start": { "line": 148, "column": 4 }, "end": { "line": 159, "column": 8 } },
          { "start": { "line": 160, "column": 4 }, "end": { "line": 161, "column": 89 } },
          { "start": { "line": 162, "column": 4 }, "end": { "line": 163, "column": 87 } },
          { "start": { "line": 164, "column": 4 }, "end": { "line": 165, "column": 89 } },
          { "start": { "line": 166, "column": 4 }, "end": { "line": 167, "column": 86 } },
          { "start": { "line": 168, "column": 4 }, "end": { "line": 169, "column": 81 } },
          { "start": { "line": 170, "column": 4 }, "end": { "line": 171, "column": 85 } },
          { "start": { "line": 172, "column": 4 }, "end": { "line": 173, "column": 97 } },
          { "start": { "line": 174, "column": 4 }, "end": { "line": 175, "column": 85 } },
          { "start": { "line": 176, "column": 4 }, "end": { "line": 177, "column": 97 } },
          { "start": { "line": 178, "column": 4 }, "end": { "line": 179, "column": 85 } },
          { "start": { "line": 180, "column": 4 }, "end": { "line": 181, "column": 89 } },
          { "start": { "line": 182, "column": 4 }, "end": { "line": 183, "column": 86 } },
          { "start": { "line": 184, "column": 4 }, "end": { "line": 185, "column": 79 } },
          { "start": { "line": 186, "column": 4 }, "end": { "line": 187, "column": 81 } },
          { "start": { "line": 188, "column": 4 }, "end": { "line": 189, "column": 83 } },
          { "start": { "line": 190, "column": 4 }, "end": { "line": 200, "column": 8 } },
          { "start": { "line": 201, "column": 4 }, "end": { "line": 202, "column": 79 } },
          { "start": { "line": 203, "column": 4 }, "end": { "line": 204, "column": 78 } },
          { "start": { "line": 205, "column": 4 }, "end": { "line": 222, "column": 8 } },
          { "start": { "line": 223, "column": 4 }, "end": { "line": 224, "column": 61 } },
          { "start": { "line": 225, "column": 4 }, "end": { "line": 226, "column": 85 } },
          { "start": { "line": 227, "column": 4 }, "end": { "line": 228, "column": 83 } },
          { "start": { "line": 229, "column": 4 }, "end": { "line": 230, "column": 39 } }
        ]
      },
      "11": {
        "loc": { "start": { "line": 152, "column": 11 }, "end": { "line": 156, "column": null } },
        "type": "cond-expr",
        "locations": [
          { "start": { "line": 152, "column": 19 }, "end": { "line": 152, "column": null } },
          { "start": { "line": 152, "column": 11 }, "end": { "line": 156, "column": null } }
        ]
      },
      "12": {
        "loc": { "start": { "line": 152, "column": 11 }, "end": { "line": 152, "column": null } },
        "type": "binary-expr",
        "locations": [
          { "start": { "line": 152, "column": 11 }, "end": { "line": 152, "column": null } },
          { "start": { "line": 152, "column": 11 }, "end": { "line": 152, "column": null } }
        ]
      },
      "13": {
        "loc": { "start": { "line": 193, "column": 11 }, "end": { "line": 197, "column": null } },
        "type": "cond-expr",
        "locations": [
          { "start": { "line": 193, "column": 19 }, "end": { "line": 193, "column": null } },
          { "start": { "line": 193, "column": 11 }, "end": { "line": 197, "column": null } }
        ]
      },
      "14": {
        "loc": { "start": { "line": 193, "column": 11 }, "end": { "line": 193, "column": null } },
        "type": "binary-expr",
        "locations": [
          { "start": { "line": 193, "column": 11 }, "end": { "line": 193, "column": null } },
          { "start": { "line": 193, "column": 11 }, "end": { "line": 193, "column": null } }
        ]
      },
      "15": {
        "loc": { "start": { "line": 209, "column": 20 }, "end": { "line": 209, "column": 73 } },
        "type": "cond-expr",
        "locations": [
          { "start": { "line": 209, "column": 45 }, "end": { "line": 209, "column": 49 } },
          { "start": { "line": 209, "column": 49 }, "end": { "line": 209, "column": 73 } }
        ]
      },
      "16": {
        "loc": { "start": { "line": 209, "column": 20 }, "end": { "line": 209, "column": 49 } },
        "type": "binary-expr",
        "locations": [
          { "start": { "line": 209, "column": 20 }, "end": { "line": 209, "column": 49 } },
          { "start": { "line": 209, "column": 45 }, "end": { "line": 209, "column": 49 } }
        ]
      },
      "17": {
        "loc": { "start": { "line": 213, "column": 11 }, "end": { "line": 220, "column": 17 } },
        "type": "cond-expr",
        "locations": [
          { "start": { "line": 214, "column": 14 }, "end": { "line": 218, "column": null } },
          { "start": { "line": 220, "column": 14 }, "end": { "line": 220, "column": 17 } }
        ]
      }
    },
    "s": {
      "0": 2,
      "1": 2,
      "2": 2,
      "3": 2,
      "4": 2,
      "5": 2,
      "6": 41,
      "7": 41,
      "8": 41,
      "9": 41,
      "10": 41,
      "11": 41,
      "12": 41,
      "13": 41,
      "14": 41,
      "15": 41,
      "16": 41,
      "17": 41,
      "18": 4,
      "19": 4,
      "20": 4,
      "21": 4,
      "22": 41,
      "23": 19,
      "24": 41,
      "25": 24,
      "26": 41,
      "27": 9,
      "28": 4,
      "29": 22,
      "30": 0,
      "31": 0,
      "32": 0,
      "33": 0,
      "34": 0,
      "35": 0,
      "36": 0,
      "37": 6,
      "38": 0,
      "39": 0,
      "40": 0,
      "41": 0,
      "42": 0,
      "43": 0,
      "44": 0,
      "45": 0,
      "46": 0,
      "47": 0,
      "48": 0,
      "49": 0,
      "50": 0,
      "51": 0,
      "52": 0,
      "53": 0,
      "54": 2,
      "55": 2
    },
    "f": { "0": 41, "1": 4, "2": 19, "3": 24 },
    "b": {
      "0": [21, 20],
      "1": [41, 41],
      "2": [17, 24],
      "3": [41, 41],
      "4": [4, 0],
      "5": [4, 4],
      "6": [0, 4],
      "7": [4, 4],
      "8": [0, 4],
      "9": [4, 4],
      "10": [9, 4, 22, 0, 0, 0, 0, 0, 0, 0, 6, 0, 0, 0, 0, 0, 0, 0, 0, 0, 0, 0, 0, 0, 0, 0, 0],
      "11": [0, 0],
      "12": [0, 0],
      "13": [0, 0],
      "14": [0, 0],
      "15": [0, 0],
      "16": [0, 0],
      "17": [0, 0]
    }
  },
  "/Users/huangyi17/Public/work/test/schema-form/packages/element/src/components/Field.tsx": {
    "path": "/Users/huangyi17/Public/work/test/schema-form/packages/element/src/components/Field.tsx",
    "statementMap": {
      "0": { "start": { "line": 8, "column": 0 }, "end": { "line": 8, "column": 36 } },
      "1": { "start": { "line": 10, "column": 0 }, "end": { "line": 10, "column": 26 } },
      "2": { "start": { "line": 11, "column": 0 }, "end": { "line": 11, "column": 36 } },
      "3": { "start": { "line": 14, "column": 14 }, "end": { "line": 26, "column": 1 } },
      "4": { "start": { "line": 15, "column": 50 }, "end": { "line": 15, "column": 56 } },
      "5": { "start": { "line": 15, "column": 14 }, "end": { "line": 15, "column": 25 } },
      "6": { "start": { "line": 16, "column": 16 }, "end": { "line": 16, "column": 58 } },
      "7": { "start": { "line": 17, "column": 2 }, "end": { "line": 25, "column": 4 } },
      "8": { "start": { "line": 27, "column": 0 }, "end": { "line": 27, "column": 28 } },
      "9": { "start": { "line": 28, "column": 0 }, "end": { "line": 28, "column": 27 } }
    },
    "fnMap": {
      "0": {
        "name": "(anonymous_9)",
        "decl": { "start": { "line": 14, "column": 14 }, "end": { "line": 14, "column": 15 } },
        "loc": { "start": { "line": 14, "column": 33 }, "end": { "line": 26, "column": 1 } }
      }
    },
    "branchMap": {
      "0": {
        "loc": { "start": { "line": 15, "column": 14 }, "end": { "line": 15, "column": 25 } },
        "type": "cond-expr",
        "locations": [
          { "start": { "line": 15, "column": 17 }, "end": { "line": 15, "column": 23 } },
          { "start": { "line": 15, "column": 23 }, "end": { "line": 15, "column": 25 } }
        ]
      },
      "1": {
        "loc": { "start": { "line": 16, "column": 16 }, "end": { "line": 16, "column": 58 } },
        "type": "cond-expr",
        "locations": [
          { "start": { "line": 16, "column": 42 }, "end": { "line": 16, "column": 46 } },
          { "start": { "line": 16, "column": 46 }, "end": { "line": 16, "column": 58 } }
        ]
      },
      "2": {
        "loc": { "start": { "line": 16, "column": 16 }, "end": { "line": 16, "column": 46 } },
        "type": "binary-expr",
        "locations": [
          { "start": { "line": 16, "column": 16 }, "end": { "line": 16, "column": 46 } },
          { "start": { "line": 16, "column": 42 }, "end": { "line": 16, "column": 46 } }
        ]
      },
      "3": {
        "loc": { "start": { "line": 16, "column": 17 }, "end": { "line": 16, "column": 42 } },
        "type": "cond-expr",
        "locations": [
          { "start": { "line": 16, "column": 27 }, "end": { "line": 16, "column": 35 } },
          { "start": { "line": 16, "column": 17 }, "end": { "line": 16, "column": 42 } }
        ]
      },
      "4": {
        "loc": { "start": { "line": 16, "column": 17 }, "end": { "line": 16, "column": 35 } },
        "type": "binary-expr",
        "locations": [
          { "start": { "line": 16, "column": 17 }, "end": { "line": 16, "column": 37 } },
          { "start": { "line": 16, "column": 17 }, "end": { "line": 16, "column": 35 } }
        ]
      },
      "5": {
        "loc": { "start": { "line": 16, "column": 46 }, "end": { "line": 16, "column": 58 } },
        "type": "cond-expr",
        "locations": [
          { "start": { "line": 16, "column": 51 }, "end": { "line": 16, "column": 53 } },
          { "start": { "line": 16, "column": 46 }, "end": { "line": 16, "column": 58 } }
        ]
      },
      "6": {
        "loc": { "start": { "line": 16, "column": 46 }, "end": { "line": 16, "column": 53 } },
        "type": "binary-expr",
        "locations": [
          { "start": { "line": 16, "column": 46 }, "end": { "line": 16, "column": 53 } },
          { "start": { "line": 16, "column": 46 }, "end": { "line": 16, "column": 53 } }
        ]
      },
      "7": {
        "loc": { "start": { "line": 19, "column": 7 }, "end": { "line": 22, "column": null } },
        "type": "cond-expr",
        "locations": [
          { "start": { "line": 20, "column": 8 }, "end": { "line": 20, "column": 58 } },
          { "start": { "line": 22, "column": 8 }, "end": { "line": 22, "column": 99 } }
        ]
      }
    },
    "s": { "0": 4, "1": 4, "2": 4, "3": 4, "4": 99, "5": 33, "6": 33, "7": 33, "8": 4, "9": 4 },
    "f": { "0": 33 },
    "b": {
      "0": [1, 32],
      "1": [0, 33],
      "2": [33, 33],
      "3": [17, 16],
      "4": [33, 33],
      "5": [0, 33],
      "6": [33, 33],
      "7": [4, 29]
    }
  },
  "/Users/huangyi17/Public/work/test/schema-form/packages/element/src/components/InputWrap.tsx": {
    "path": "/Users/huangyi17/Public/work/test/schema-form/packages/element/src/components/InputWrap.tsx",
    "statementMap": {
      "0": { "start": { "line": 7, "column": 0 }, "end": { "line": 7, "column": 51 } },
      "1": { "start": { "line": 9, "column": 0 }, "end": { "line": 9, "column": 29 } },
      "2": { "start": { "line": 10, "column": 0 }, "end": { "line": 10, "column": 55 } },
      "3": { "start": { "line": 13, "column": 18 }, "end": { "line": 58, "column": 1 } },
      "4": { "start": { "line": 13, "column": 29 }, "end": { "line": 13, "column": 31 } },
      "5": { "start": { "line": 13, "column": 36 }, "end": { "line": 13, "column": 38 } },
      "6": { "start": { "line": 13, "column": 38 }, "end": { "line": 13, "column": 48 } },
      "7": { "start": { "line": 13, "column": 48 }, "end": { "line": 13, "column": 68 } },
      "8": { "start": { "line": 15, "column": 34 }, "end": { "line": 15, "column": 49 } },
      "9": { "start": { "line": 15, "column": 17 }, "end": { "line": 15, "column": 19 } },
      "10": { "start": { "line": 15, "column": 30 }, "end": { "line": 15, "column": 34 } },
      "11": { "start": { "line": 17, "column": 48 }, "end": { "line": 17, "column": 59 } },
      "12": { "start": { "line": 17, "column": 16 }, "end": { "line": 17, "column": 28 } },
      "13": { "start": { "line": 17, "column": 43 }, "end": { "line": 17, "column": 48 } },
      "14": { "start": { "line": 19, "column": 22 }, "end": { "line": 23, "column": 3 } },
      "15": { "start": { "line": 20, "column": 16 }, "end": { "line": 20, "column": 41 } },
      "16": { "start": { "line": 21, "column": 4 }, "end": { "line": 21, "column": 21 } },
      "17": { "start": { "line": 22, "column": 4 }, "end": { "line": 22, "column": 20 } },
      "18": { "start": { "line": 25, "column": 20 }, "end": { "line": 40, "column": 3 } },
      "19": { "start": { "line": 26, "column": 19 }, "end": { "line": 26, "column": 27 } },
      "20": { "start": { "line": 27, "column": 4 }, "end": { "line": 37, "column": null } },
      "21": { "start": { "line": 28, "column": 6 }, "end": { "line": 36, "column": null } },
      "22": { "start": { "line": 29, "column": 8 }, "end": { "line": 32, "column": 11 } },
      "23": { "start": { "line": 30, "column": 20 }, "end": { "line": 30, "column": 32 } },
      "24": { "start": { "line": 31, "column": 10 }, "end": { "line": 31, "column": 37 } },
      "25": { "start": { "line": 34, "column": 18 }, "end": { "line": 34, "column": 29 } },
      "26": { "start": { "line": 35, "column": 8 }, "end": { "line": 35, "column": 34 } },
      "27": { "start": { "line": 38, "column": 4 }, "end": { "line": 38, "column": 21 } },
      "28": { "start": { "line": 39, "column": 4 }, "end": { "line": 39, "column": 20 } },
      "29": { "start": { "line": 41, "column": 2 }, "end": { "line": 46, "column": 14 } },
      "30": { "start": { "line": 42, "column": 4 }, "end": { "line": 44, "column": null } },
      "31": { "start": { "line": 43, "column": 6 }, "end": { "line": 43, "column": 25 } },
      "32": { "start": { "line": 48, "column": 2 }, "end": { "line": 57, "column": 4 } },
      "33": { "start": { "line": 59, "column": 0 }, "end": { "line": 59, "column": 36 } },
      "34": { "start": { "line": 60, "column": 0 }, "end": { "line": 60, "column": 25 } }
    },
    "fnMap": {
      "0": {
        "name": "(anonymous_9)",
        "decl": { "start": { "line": 13, "column": 18 }, "end": { "line": 13, "column": 19 } },
        "loc": { "start": { "line": 13, "column": 68 }, "end": { "line": 58, "column": 1 } }
      },
      "1": {
        "name": "(anonymous_10)",
        "decl": { "start": { "line": 19, "column": 22 }, "end": { "line": 19, "column": 23 } },
        "loc": { "start": { "line": 19, "column": 34 }, "end": { "line": 23, "column": 3 } }
      },
      "2": {
        "name": "(anonymous_11)",
        "decl": { "start": { "line": 25, "column": 20 }, "end": { "line": 25, "column": null } },
        "loc": { "start": { "line": 25, "column": 20 }, "end": { "line": 40, "column": 3 } }
      },
      "3": {
        "name": "(anonymous_12)",
        "decl": { "start": { "line": 29, "column": 22 }, "end": { "line": 29, "column": 23 } },
        "loc": { "start": { "line": 29, "column": 27 }, "end": { "line": 32, "column": 9 } }
      },
      "4": {
        "name": "(anonymous_13)",
        "decl": { "start": { "line": 41, "column": 12 }, "end": { "line": 41, "column": null } },
        "loc": { "start": { "line": 41, "column": 12 }, "end": { "line": 46, "column": 3 } }
      }
    },
    "branchMap": {
      "0": {
        "loc": { "start": { "line": 13, "column": 48 }, "end": { "line": 13, "column": 68 } },
        "type": "cond-expr",
        "locations": [
          { "start": { "line": 13, "column": 51 }, "end": { "line": 13, "column": 53 } },
          { "start": { "line": 13, "column": 53 }, "end": { "line": 13, "column": 68 } }
        ]
      },
      "1": {
        "loc": { "start": { "line": 17, "column": 16 }, "end": { "line": 17, "column": 28 } },
        "type": "cond-expr",
        "locations": [
          { "start": { "line": 17, "column": 19 }, "end": { "line": 17, "column": 23 } },
          { "start": { "line": 17, "column": 23 }, "end": { "line": 17, "column": 28 } }
        ]
      },
      "2": {
        "loc": { "start": { "line": 22, "column": 4 }, "end": { "line": 22, "column": 19 } },
        "type": "cond-expr",
        "locations": [
          { "start": { "line": 22, "column": 12 }, "end": { "line": 22, "column": 15 } },
          { "start": { "line": 22, "column": 4 }, "end": { "line": 22, "column": 19 } }
        ]
      },
      "3": {
        "loc": { "start": { "line": 22, "column": 4 }, "end": { "line": 22, "column": 15 } },
        "type": "binary-expr",
        "locations": [
          { "start": { "line": 22, "column": 4 }, "end": { "line": 22, "column": 15 } },
          { "start": { "line": 22, "column": 4 }, "end": { "line": 22, "column": 15 } }
        ]
      },
      "4": {
        "loc": { "start": { "line": 27, "column": 4 }, "end": { "line": 37, "column": null } },
        "type": "if",
        "locations": [
          { "start": { "line": 27, "column": 4 }, "end": { "line": 37, "column": null } }
        ]
      },
      "5": {
        "loc": { "start": { "line": 27, "column": 8 }, "end": { "line": 27, "column": 53 } },
        "type": "binary-expr",
        "locations": [
          { "start": { "line": 27, "column": 8 }, "end": { "line": 27, "column": 14 } },
          { "start": { "line": 27, "column": 19 }, "end": { "line": 27, "column": 31 } },
          { "start": { "line": 27, "column": 35 }, "end": { "line": 27, "column": 52 } }
        ]
      },
      "6": {
        "loc": { "start": { "line": 28, "column": 6 }, "end": { "line": 36, "column": null } },
        "type": "if",
        "locations": [
          { "start": { "line": 28, "column": 6 }, "end": { "line": 36, "column": null } },
          { "start": { "line": 33, "column": 13 }, "end": { "line": 36, "column": null } }
        ]
      },
      "7": {
        "loc": { "start": { "line": 30, "column": 20 }, "end": { "line": 30, "column": 32 } },
        "type": "cond-expr",
        "locations": [
          { "start": { "line": 30, "column": 24 }, "end": { "line": 30, "column": 26 } },
          { "start": { "line": 30, "column": 20 }, "end": { "line": 30, "column": 32 } }
        ]
      },
      "8": {
        "loc": { "start": { "line": 30, "column": 20 }, "end": { "line": 30, "column": 26 } },
        "type": "binary-expr",
        "locations": [
          { "start": { "line": 30, "column": 20 }, "end": { "line": 30, "column": 26 } },
          { "start": { "line": 30, "column": 20 }, "end": { "line": 30, "column": 26 } }
        ]
      },
      "9": {
        "loc": { "start": { "line": 31, "column": 17 }, "end": { "line": 31, "column": 36 } },
        "type": "cond-expr",
        "locations": [
          { "start": { "line": 31, "column": 28 }, "end": { "line": 31, "column": 32 } },
          { "start": { "line": 31, "column": 35 }, "end": { "line": 31, "column": 36 } }
        ]
      },
      "10": {
        "loc": { "start": { "line": 34, "column": 18 }, "end": { "line": 34, "column": 29 } },
        "type": "cond-expr",
        "locations": [
          { "start": { "line": 34, "column": 21 }, "end": { "line": 34, "column": 23 } },
          { "start": { "line": 34, "column": 18 }, "end": { "line": 34, "column": 29 } }
        ]
      },
      "11": {
        "loc": { "start": { "line": 34, "column": 18 }, "end": { "line": 34, "column": 23 } },
        "type": "binary-expr",
        "locations": [
          { "start": { "line": 34, "column": 18 }, "end": { "line": 34, "column": 23 } },
          { "start": { "line": 34, "column": 18 }, "end": { "line": 34, "column": 23 } }
        ]
      },
      "12": {
        "loc": { "start": { "line": 35, "column": 14 }, "end": { "line": 35, "column": 33 } },
        "type": "cond-expr",
        "locations": [
          { "start": { "line": 35, "column": 25 }, "end": { "line": 35, "column": 29 } },
          { "start": { "line": 35, "column": 32 }, "end": { "line": 35, "column": 33 } }
        ]
      },
      "13": {
        "loc": { "start": { "line": 39, "column": 4 }, "end": { "line": 39, "column": 19 } },
        "type": "cond-expr",
        "locations": [
          { "start": { "line": 39, "column": 12 }, "end": { "line": 39, "column": 15 } },
          { "start": { "line": 39, "column": 4 }, "end": { "line": 39, "column": 19 } }
        ]
      },
      "14": {
        "loc": { "start": { "line": 39, "column": 4 }, "end": { "line": 39, "column": 15 } },
        "type": "binary-expr",
        "locations": [
          { "start": { "line": 39, "column": 4 }, "end": { "line": 39, "column": 15 } },
          { "start": { "line": 39, "column": 4 }, "end": { "line": 39, "column": 15 } }
        ]
      },
      "15": {
        "loc": { "start": { "line": 42, "column": 4 }, "end": { "line": 44, "column": null } },
        "type": "if",
        "locations": [
          { "start": { "line": 42, "column": 4 }, "end": { "line": 44, "column": null } }
        ]
      },
      "16": {
        "loc": { "start": { "line": 42, "column": 8 }, "end": { "line": 42, "column": 35 } },
        "type": "binary-expr",
        "locations": [
          { "start": { "line": 42, "column": 8 }, "end": { "line": 42, "column": 13 } },
          { "start": { "line": 42, "column": 17 }, "end": { "line": 42, "column": 35 } }
        ]
      }
    },
    "s": {
      "0": 5,
      "1": 5,
      "2": 5,
      "3": 5,
      "4": 42,
      "5": 42,
      "6": 42,
      "7": 42,
      "8": 42,
      "9": 42,
      "10": 42,
      "11": 42,
      "12": 42,
      "13": 42,
      "14": 42,
      "15": 7,
      "16": 7,
      "17": 7,
      "18": 42,
      "19": 1,
      "20": 1,
      "21": 1,
      "22": 0,
      "23": 0,
      "24": 0,
      "25": 1,
      "26": 1,
      "27": 1,
      "28": 1,
      "29": 42,
      "30": 30,
      "31": 4,
      "32": 42,
      "33": 5,
      "34": 5
    },
    "f": { "0": 42, "1": 7, "2": 1, "3": 0, "4": 30 },
    "b": {
      "0": [23, 19],
      "1": [42, 0],
      "2": [0, 7],
      "3": [7, 7],
      "4": [1],
      "5": [1, 1, 0],
      "6": [0, 1],
      "7": [0, 0],
      "8": [0, 0],
      "9": [0, 0],
      "10": [0, 1],
      "11": [1, 1],
      "12": [0, 1],
      "13": [0, 1],
      "14": [1, 1],
      "15": [4],
      "16": [30, 24]
    }
  },
  "/Users/huangyi17/Public/work/test/schema-form/packages/element/src/components/Text.tsx": {
    "path": "/Users/huangyi17/Public/work/test/schema-form/packages/element/src/components/Text.tsx",
    "statementMap": {
      "0": { "start": { "line": 7, "column": 0 }, "end": { "line": 7, "column": 36 } },
      "1": { "start": { "line": 8, "column": 0 }, "end": { "line": 8, "column": 34 } },
      "2": { "start": { "line": 11, "column": 13 }, "end": { "line": 11, "column": null } },
      "3": { "start": { "line": 11, "column": 21 }, "end": { "line": 11, "column": 23 } },
      "4": { "start": { "line": 11, "column": 23 }, "end": { "line": 11, "column": 31 } },
      "5": { "start": { "line": 11, "column": 31 }, "end": { "line": 11, "column": 40 } },
      "6": { "start": { "line": 11, "column": 45 }, "end": { "line": 11, "column": 59 } },
      "7": { "start": { "line": 11, "column": 64 }, "end": { "line": 24, "column": 2 } },
      "8": { "start": { "line": 25, "column": 0 }, "end": { "line": 25, "column": 26 } }
    },
    "fnMap": {
      "0": {
        "name": "(anonymous_6)",
        "decl": { "start": { "line": 11, "column": 13 }, "end": { "line": 11, "column": 14 } },
        "loc": { "start": { "line": 11, "column": 59 }, "end": { "line": 11, "column": null } }
      }
    },
    "branchMap": {
      "0": {
        "loc": { "start": { "line": 11, "column": 31 }, "end": { "line": 11, "column": 40 } },
        "type": "cond-expr",
        "locations": [
          { "start": { "line": 11, "column": 34 }, "end": { "line": 11, "column": 38 } },
          { "start": { "line": 11, "column": 38 }, "end": { "line": 11, "column": 40 } }
        ]
      },
      "1": {
        "loc": { "start": { "line": 14, "column": 6 }, "end": { "line": 18, "column": 15 } },
        "type": "cond-expr",
        "locations": [
          { "start": { "line": 15, "column": 10 }, "end": { "line": 17, "column": null } },
          { "start": { "line": 18, "column": 10 }, "end": { "line": 18, "column": 15 } }
        ]
      }
    },
    "s": { "0": 5, "1": 5, "2": 5, "3": 16, "4": 16, "5": 16, "6": 16, "7": 16, "8": 5 },
    "f": { "0": 16 },
    "b": { "0": [16, 0], "1": [16, 0] }
  },
  "/Users/huangyi17/Public/work/test/schema-form/packages/element/src/components/ListWrap/index.tsx": {
    "path": "/Users/huangyi17/Public/work/test/schema-form/packages/element/src/components/ListWrap/index.tsx",
    "statementMap": {
      "0": { "start": { "line": 7, "column": 0 }, "end": { "line": 7, "column": 36 } },
      "1": { "start": { "line": 9, "column": 0 }, "end": { "line": 9, "column": 29 } },
      "2": { "start": { "line": 11, "column": 17 }, "end": { "line": 28, "column": 1 } },
      "3": { "start": { "line": 12, "column": 38 }, "end": { "line": 12, "column": 44 } },
      "4": { "start": { "line": 13, "column": 2 }, "end": { "line": 27, "column": 4 } },
      "5": { "start": { "line": 18, "column": 12 }, "end": { "line": 22, "column": 14 } },
      "6": { "start": { "line": 29, "column": 0 }, "end": { "line": 29, "column": 34 } },
      "7": { "start": { "line": 30, "column": 0 }, "end": { "line": 30, "column": 30 } }
    },
    "fnMap": {
      "0": {
        "name": "(anonymous_9)",
        "decl": { "start": { "line": 11, "column": 17 }, "end": { "line": 11, "column": 18 } },
        "loc": { "start": { "line": 11, "column": 39 }, "end": { "line": 28, "column": 1 } }
      },
      "1": {
        "name": "(anonymous_10)",
        "decl": { "start": { "line": 17, "column": 36 }, "end": { "line": 17, "column": 37 } },
        "loc": { "start": { "line": 17, "column": 48 }, "end": { "line": 23, "column": 11 } }
      }
    },
    "branchMap": {
      "0": {
        "loc": { "start": { "line": 15, "column": 7 }, "end": { "line": 25, "column": 14 } },
        "type": "cond-expr",
        "locations": [
          { "start": { "line": 16, "column": 8 }, "end": { "line": 23, "column": null } },
          { "start": { "line": 25, "column": 10 }, "end": { "line": 25, "column": 14 } }
        ]
      },
      "1": {
        "loc": { "start": { "line": 15, "column": 7 }, "end": { "line": 15, "column": 45 } },
        "type": "binary-expr",
        "locations": [
          { "start": { "line": 15, "column": 7 }, "end": { "line": 15, "column": 29 } },
          { "start": { "line": 15, "column": 33 }, "end": { "line": 15, "column": 45 } }
        ]
      },
      "2": {
        "loc": { "start": { "line": 17, "column": 12 }, "end": { "line": 23, "column": 12 } },
        "type": "cond-expr",
        "locations": [
          { "start": { "line": 17, "column": 17 }, "end": { "line": 17, "column": 30 } },
          { "start": { "line": 17, "column": 12 }, "end": { "line": 23, "column": 12 } }
        ]
      },
      "3": {
        "loc": { "start": { "line": 17, "column": 12 }, "end": { "line": 17, "column": 30 } },
        "type": "binary-expr",
        "locations": [
          { "start": { "line": 17, "column": 12 }, "end": { "line": 17, "column": 32 } },
          { "start": { "line": 17, "column": 12 }, "end": { "line": 17, "column": 30 } }
        ]
      }
    },
    "s": { "0": 3, "1": 3, "2": 3, "3": 21, "4": 7, "5": 14, "6": 3, "7": 3 },
    "f": { "0": 7, "1": 14 },
    "b": { "0": [6, 1], "1": [7, 6], "2": [0, 6], "3": [6, 6] }
  },
  "/Users/huangyi17/Public/work/test/schema-form/packages/element/src/components/SchemaForm/CustomLayout.tsx": {
    "path": "/Users/huangyi17/Public/work/test/schema-form/packages/element/src/components/SchemaForm/CustomLayout.tsx",
    "statementMap": {
      "0": { "start": { "line": 7, "column": 0 }, "end": { "line": 7, "column": 46 } },
      "1": { "start": { "line": 10, "column": 0 }, "end": { "line": 10, "column": 34 } },
      "2": { "start": { "line": 11, "column": 0 }, "end": { "line": 11, "column": 44 } },
      "3": { "start": { "line": 13, "column": 21 }, "end": { "line": 44, "column": 1 } },
      "4": { "start": { "line": 14, "column": 2 }, "end": { "line": 14, "column": 6 } },
      "5": { "start": { "line": 14, "column": 6 }, "end": { "line": 14, "column": null } },
      "6": { "start": { "line": 15, "column": 2 }, "end": { "line": 15, "column": 9 } },
      "7": { "start": { "line": 15, "column": 9 }, "end": { "line": 15, "column": null } },
      "8": { "start": { "line": 16, "column": 24 }, "end": { "line": 16, "column": null } },
      "9": { "start": { "line": 17, "column": 6 }, "end": { "line": 17, "column": null } },
      "10": { "start": { "line": 18, "column": 14 }, "end": { "line": 19, "column": 27 } },
      "11": { "start": { "line": 20, "column": 2 }, "end": { "line": 43, "column": 4 } },
      "12": { "start": { "line": 23, "column": 8 }, "end": { "line": 40, "column": 10 } },
      "13": { "start": { "line": 45, "column": 0 }, "end": { "line": 45, "column": 34 } }
    },
    "fnMap": {
      "0": {
        "name": "(anonymous_10)",
        "decl": { "start": { "line": 13, "column": 21 }, "end": { "line": 13, "column": 22 } },
        "loc": { "start": { "line": 19, "column": 27 }, "end": { "line": 44, "column": 1 } }
      },
      "1": {
        "name": "(anonymous_11)",
        "decl": { "start": { "line": 22, "column": 19 }, "end": { "line": 22, "column": 20 } },
        "loc": { "start": { "line": 22, "column": 42 }, "end": { "line": 41, "column": 7 } }
      }
    },
    "branchMap": {
      "0": {
        "loc": { "start": { "line": 14, "column": 6 }, "end": { "line": 14, "column": null } },
        "type": "cond-expr",
        "locations": [
          { "start": { "line": 14, "column": 9 }, "end": { "line": 14, "column": 17 } },
          { "start": { "line": 14, "column": 17 }, "end": { "line": 14, "column": null } }
        ]
      },
      "1": {
        "loc": { "start": { "line": 15, "column": 9 }, "end": { "line": 15, "column": null } },
        "type": "cond-expr",
        "locations": [
          { "start": { "line": 15, "column": 12 }, "end": { "line": 15, "column": 14 } },
          { "start": { "line": 15, "column": 14 }, "end": { "line": 15, "column": null } }
        ]
      },
      "2": {
        "loc": { "start": { "line": 24, "column": 25 }, "end": { "line": 24, "column": 67 } },
        "type": "cond-expr",
        "locations": [
          { "start": { "line": 24, "column": 47 }, "end": { "line": 24, "column": 51 } },
          { "start": { "line": 24, "column": 51 }, "end": { "line": 24, "column": 67 } }
        ]
      },
      "3": {
        "loc": { "start": { "line": 24, "column": 25 }, "end": { "line": 24, "column": 51 } },
        "type": "binary-expr",
        "locations": [
          { "start": { "line": 24, "column": 25 }, "end": { "line": 24, "column": 51 } },
          { "start": { "line": 24, "column": 47 }, "end": { "line": 24, "column": 51 } }
        ]
      },
      "4": {
        "loc": { "start": { "line": 24, "column": 25 }, "end": { "line": 24, "column": 47 } },
        "type": "cond-expr",
        "locations": [
          { "start": { "line": 24, "column": 35 }, "end": { "line": 24, "column": 37 } },
          { "start": { "line": 24, "column": 35 }, "end": { "line": 24, "column": 47 } }
        ]
      },
      "5": {
        "loc": { "start": { "line": 24, "column": 25 }, "end": { "line": 24, "column": 37 } },
        "type": "binary-expr",
        "locations": [
          { "start": { "line": 24, "column": 25 }, "end": { "line": 24, "column": 37 } },
          { "start": { "line": 24, "column": 35 }, "end": { "line": 24, "column": 37 } }
        ]
      },
      "6": {
        "loc": { "start": { "line": 24, "column": 25 }, "end": { "line": 24, "column": 35 } },
        "type": "cond-expr",
        "locations": [
          { "start": { "line": 24, "column": 29 }, "end": { "line": 24, "column": 31 } },
          { "start": { "line": 24, "column": 25 }, "end": { "line": 24, "column": 35 } }
        ]
      },
      "7": {
        "loc": { "start": { "line": 24, "column": 25 }, "end": { "line": 24, "column": 31 } },
        "type": "binary-expr",
        "locations": [
          { "start": { "line": 24, "column": 25 }, "end": { "line": 24, "column": 31 } },
          { "start": { "line": 24, "column": 25 }, "end": { "line": 24, "column": 31 } }
        ]
      },
      "8": {
        "loc": { "start": { "line": 25, "column": 13 }, "end": { "line": 37, "column": null } },
        "type": "cond-expr",
        "locations": [
          { "start": { "line": 26, "column": 14 }, "end": { "line": 29, "column": null } },
          { "start": { "line": 32, "column": 14 }, "end": { "line": 36, "column": null } }
        ]
      },
      "9": {
        "loc": { "start": { "line": 34, "column": 24 }, "end": { "line": 34, "column": null } },
        "type": "binary-expr",
        "locations": [
          { "start": { "line": 34, "column": 24 }, "end": { "line": 34, "column": 34 } },
          { "start": { "line": 34, "column": 38 }, "end": { "line": 34, "column": 83 } }
        ]
      },
      "10": {
        "loc": { "start": { "line": 34, "column": 24 }, "end": { "line": 34, "column": 34 } },
        "type": "cond-expr",
        "locations": [
          { "start": { "line": 34, "column": 28 }, "end": { "line": 34, "column": 30 } },
          { "start": { "line": 34, "column": 24 }, "end": { "line": 34, "column": 34 } }
        ]
      },
      "11": {
        "loc": { "start": { "line": 34, "column": 24 }, "end": { "line": 34, "column": 30 } },
        "type": "binary-expr",
        "locations": [
          { "start": { "line": 34, "column": 24 }, "end": { "line": 34, "column": 30 } },
          { "start": { "line": 34, "column": 24 }, "end": { "line": 34, "column": 30 } }
        ]
      },
      "12": {
        "loc": { "start": { "line": 34, "column": 38 }, "end": { "line": 34, "column": 83 } },
        "type": "cond-expr",
        "locations": [
          { "start": { "line": 34, "column": 62 }, "end": { "line": 34, "column": 65 } },
          { "start": { "line": 34, "column": 62 }, "end": { "line": 34, "column": 83 } }
        ]
      },
      "13": {
        "loc": { "start": { "line": 34, "column": 38 }, "end": { "line": 34, "column": 65 } },
        "type": "binary-expr",
        "locations": [
          { "start": { "line": 34, "column": 38 }, "end": { "line": 34, "column": 65 } },
          { "start": { "line": 34, "column": 62 }, "end": { "line": 34, "column": 65 } }
        ]
      },
      "14": {
        "loc": { "start": { "line": 34, "column": 38 }, "end": { "line": 34, "column": 62 } },
        "type": "cond-expr",
        "locations": [
          { "start": { "line": 34, "column": 47 }, "end": { "line": 34, "column": 49 } },
          { "start": { "line": 34, "column": 38 }, "end": { "line": 34, "column": 62 } }
        ]
      },
      "15": {
        "loc": { "start": { "line": 34, "column": 38 }, "end": { "line": 34, "column": 49 } },
        "type": "binary-expr",
        "locations": [
          { "start": { "line": 34, "column": 38 }, "end": { "line": 34, "column": 49 } },
          { "start": { "line": 34, "column": 38 }, "end": { "line": 34, "column": 49 } }
        ]
      },
      "16": {
        "loc": { "start": { "line": 34, "column": 65 }, "end": { "line": 34, "column": 82 } },
        "type": "cond-expr",
        "locations": [
          { "start": { "line": 34, "column": 69 }, "end": { "line": 34, "column": 71 } },
          { "start": { "line": 34, "column": 65 }, "end": { "line": 34, "column": 82 } }
        ]
      },
      "17": {
        "loc": { "start": { "line": 34, "column": 65 }, "end": { "line": 34, "column": 71 } },
        "type": "binary-expr",
        "locations": [
          { "start": { "line": 34, "column": 65 }, "end": { "line": 34, "column": 71 } },
          { "start": { "line": 34, "column": 65 }, "end": { "line": 34, "column": 71 } }
        ]
      }
    },
    "s": {
      "0": 1,
      "1": 1,
      "2": 1,
      "3": 1,
      "4": 6,
      "5": 6,
      "6": 6,
      "7": 6,
      "8": 6,
      "9": 6,
      "10": 6,
      "11": 6,
      "12": 11,
      "13": 1
    },
    "f": { "0": 6, "1": 11 },
    "b": {
      "0": [0, 6],
      "1": [0, 6],
      "2": [10, 1],
      "3": [11, 11],
      "4": [1, 10],
      "5": [11, 11],
      "6": [0, 11],
      "7": [11, 11],
      "8": [0, 11],
      "9": [11, 10],
      "10": [0, 11],
      "11": [11, 11],
      "12": [2, 8],
      "13": [10, 10],
      "14": [0, 10],
      "15": [10, 10],
      "16": [0, 8],
      "17": [8, 8]
    }
  },
  "/Users/huangyi17/Public/work/test/schema-form/packages/element/src/components/SchemaForm/ItemGroupWrap.tsx": {
    "path": "/Users/huangyi17/Public/work/test/schema-form/packages/element/src/components/SchemaForm/ItemGroupWrap.tsx",
    "statementMap": {
      "0": { "start": { "line": 7, "column": 0 }, "end": { "line": 7, "column": 36 } },
      "1": { "start": { "line": 9, "column": 0 }, "end": { "line": 9, "column": 34 } },
      "2": { "start": { "line": 18, "column": 22 }, "end": { "line": 34, "column": 1 } },
      "3": { "start": { "line": 18, "column": 34 }, "end": { "line": 18, "column": 36 } },
      "4": { "start": { "line": 18, "column": 41 }, "end": { "line": 18, "column": 43 } },
      "5": { "start": { "line": 18, "column": 50 }, "end": { "line": 18, "column": 52 } },
      "6": { "start": { "line": 18, "column": 64 }, "end": { "line": 18, "column": 66 } },
      "7": { "start": { "line": 18, "column": 79 }, "end": { "line": 18, "column": 89 } },
      "8": { "start": { "line": 19, "column": 2 }, "end": { "line": 33, "column": 4 } },
      "9": { "start": { "line": 22, "column": 39 }, "end": { "line": 30, "column": 12 } },
      "10": { "start": { "line": 35, "column": 0 }, "end": { "line": 35, "column": 35 } }
    },
    "fnMap": {
      "0": {
        "name": "(anonymous_9)",
        "decl": { "start": { "line": 18, "column": 22 }, "end": { "line": 18, "column": 23 } },
        "loc": { "start": { "line": 18, "column": 89 }, "end": { "line": 34, "column": 1 } }
      },
      "1": {
        "name": "(anonymous_10)",
        "decl": { "start": { "line": 22, "column": 22 }, "end": { "line": 22, "column": 23 } },
        "loc": { "start": { "line": 22, "column": 34 }, "end": { "line": 30, "column": 12 } }
      }
    },
    "branchMap": {
      "0": {
        "loc": { "start": { "line": 21, "column": 7 }, "end": { "line": 31, "column": 14 } },
        "type": "cond-expr",
        "locations": [
          { "start": { "line": 22, "column": 10 }, "end": { "line": 30, "column": 12 } },
          { "start": { "line": 31, "column": 10 }, "end": { "line": 31, "column": 14 } }
        ]
      },
      "1": {
        "loc": { "start": { "line": 21, "column": 7 }, "end": { "line": 21, "column": 22 } },
        "type": "cond-expr",
        "locations": [
          { "start": { "line": 21, "column": 14 }, "end": { "line": 21, "column": 16 } },
          { "start": { "line": 21, "column": 7 }, "end": { "line": 21, "column": 22 } }
        ]
      },
      "2": {
        "loc": { "start": { "line": 21, "column": 7 }, "end": { "line": 21, "column": 16 } },
        "type": "binary-expr",
        "locations": [
          { "start": { "line": 21, "column": 7 }, "end": { "line": 21, "column": 16 } },
          { "start": { "line": 21, "column": 7 }, "end": { "line": 21, "column": 16 } }
        ]
      },
      "3": {
        "loc": { "start": { "line": 24, "column": 19 }, "end": { "line": 24, "column": 61 } },
        "type": "cond-expr",
        "locations": [
          { "start": { "line": 24, "column": 41 }, "end": { "line": 24, "column": 45 } },
          { "start": { "line": 24, "column": 45 }, "end": { "line": 24, "column": 61 } }
        ]
      },
      "4": {
        "loc": { "start": { "line": 24, "column": 19 }, "end": { "line": 24, "column": 45 } },
        "type": "binary-expr",
        "locations": [
          { "start": { "line": 24, "column": 19 }, "end": { "line": 24, "column": 45 } },
          { "start": { "line": 24, "column": 41 }, "end": { "line": 24, "column": 45 } }
        ]
      },
      "5": {
        "loc": { "start": { "line": 24, "column": 19 }, "end": { "line": 24, "column": 41 } },
        "type": "cond-expr",
        "locations": [
          { "start": { "line": 24, "column": 29 }, "end": { "line": 24, "column": 31 } },
          { "start": { "line": 24, "column": 29 }, "end": { "line": 24, "column": 41 } }
        ]
      },
      "6": {
        "loc": { "start": { "line": 24, "column": 19 }, "end": { "line": 24, "column": 31 } },
        "type": "binary-expr",
        "locations": [
          { "start": { "line": 24, "column": 19 }, "end": { "line": 24, "column": 31 } },
          { "start": { "line": 24, "column": 29 }, "end": { "line": 24, "column": 31 } }
        ]
      },
      "7": {
        "loc": { "start": { "line": 24, "column": 19 }, "end": { "line": 24, "column": 29 } },
        "type": "cond-expr",
        "locations": [
          { "start": { "line": 24, "column": 23 }, "end": { "line": 24, "column": 25 } },
          { "start": { "line": 24, "column": 19 }, "end": { "line": 24, "column": 29 } }
        ]
      },
      "8": {
        "loc": { "start": { "line": 24, "column": 19 }, "end": { "line": 24, "column": 25 } },
        "type": "binary-expr",
        "locations": [
          { "start": { "line": 24, "column": 19 }, "end": { "line": 24, "column": 25 } },
          { "start": { "line": 24, "column": 19 }, "end": { "line": 24, "column": 25 } }
        ]
      },
      "9": {
        "loc": { "start": { "line": 26, "column": 22 }, "end": { "line": 26, "column": null } },
        "type": "binary-expr",
        "locations": [
          { "start": { "line": 26, "column": 22 }, "end": { "line": 26, "column": 32 } },
          { "start": { "line": 26, "column": 36 }, "end": { "line": 26, "column": 70 } }
        ]
      },
      "10": {
        "loc": { "start": { "line": 26, "column": 22 }, "end": { "line": 26, "column": 32 } },
        "type": "cond-expr",
        "locations": [
          { "start": { "line": 26, "column": 26 }, "end": { "line": 26, "column": 28 } },
          { "start": { "line": 26, "column": 22 }, "end": { "line": 26, "column": 32 } }
        ]
      },
      "11": {
        "loc": { "start": { "line": 26, "column": 22 }, "end": { "line": 26, "column": 28 } },
        "type": "binary-expr",
        "locations": [
          { "start": { "line": 26, "column": 22 }, "end": { "line": 26, "column": 28 } },
          { "start": { "line": 26, "column": 22 }, "end": { "line": 26, "column": 28 } }
        ]
      },
      "12": {
        "loc": { "start": { "line": 26, "column": 36 }, "end": { "line": 26, "column": 70 } },
        "type": "cond-expr",
        "locations": [
          { "start": { "line": 26, "column": 49 }, "end": { "line": 26, "column": 52 } },
          { "start": { "line": 26, "column": 36 }, "end": { "line": 26, "column": 70 } }
        ]
      },
      "13": {
        "loc": { "start": { "line": 26, "column": 36 }, "end": { "line": 26, "column": 52 } },
        "type": "binary-expr",
        "locations": [
          { "start": { "line": 26, "column": 36 }, "end": { "line": 26, "column": 52 } },
          { "start": { "line": 26, "column": 36 }, "end": { "line": 26, "column": 52 } }
        ]
      },
      "14": {
        "loc": { "start": { "line": 26, "column": 52 }, "end": { "line": 26, "column": 69 } },
        "type": "cond-expr",
        "locations": [
          { "start": { "line": 26, "column": 56 }, "end": { "line": 26, "column": 58 } },
          { "start": { "line": 26, "column": 52 }, "end": { "line": 26, "column": 69 } }
        ]
      },
      "15": {
        "loc": { "start": { "line": 26, "column": 52 }, "end": { "line": 26, "column": 58 } },
        "type": "binary-expr",
        "locations": [
          { "start": { "line": 26, "column": 52 }, "end": { "line": 26, "column": 58 } },
          { "start": { "line": 26, "column": 52 }, "end": { "line": 26, "column": 58 } }
        ]
      }
    },
    "s": {
      "0": 1,
      "1": 1,
      "2": 1,
      "3": 0,
      "4": 0,
      "5": 0,
      "6": 0,
      "7": 0,
      "8": 0,
      "9": 0,
      "10": 1
    },
    "f": { "0": 0, "1": 0 },
    "b": {
      "0": [0, 0],
      "1": [0, 0],
      "2": [0, 0],
      "3": [0, 0],
      "4": [0, 0],
      "5": [0, 0],
      "6": [0, 0],
      "7": [0, 0],
      "8": [0, 0],
      "9": [0, 0],
      "10": [0, 0],
      "11": [0, 0],
      "12": [0, 0],
      "13": [0, 0],
      "14": [0, 0],
      "15": [0, 0]
    }
  },
  "/Users/huangyi17/Public/work/test/schema-form/packages/element/src/components/SchemaForm/ItemWrap.tsx": {
    "path": "/Users/huangyi17/Public/work/test/schema-form/packages/element/src/components/SchemaForm/ItemWrap.tsx",
    "statementMap": {
      "0": { "start": { "line": 7, "column": 0 }, "end": { "line": 7, "column": 36 } },
      "1": { "start": { "line": 8, "column": 0 }, "end": { "line": 8, "column": 28 } },
      "2": { "start": { "line": 10, "column": 0 }, "end": { "line": 10, "column": 38 } },
      "3": { "start": { "line": 11, "column": 0 }, "end": { "line": 11, "column": 38 } },
      "4": { "start": { "line": 13, "column": 17 }, "end": { "line": 13, "column": 22 } },
      "5": { "start": { "line": 15, "column": 17 }, "end": { "line": 55, "column": 1 } },
      "6": { "start": { "line": 16, "column": 14 }, "end": { "line": 16, "column": null } },
      "7": { "start": { "line": 17, "column": 15 }, "end": { "line": 17, "column": null } },
      "8": { "start": { "line": 18, "column": 8 }, "end": { "line": 18, "column": null } },
      "9": { "start": { "line": 19, "column": 8 }, "end": { "line": 19, "column": null } },
      "10": { "start": { "line": 20, "column": 6 }, "end": { "line": 20, "column": null } },
      "11": { "start": { "line": 21, "column": 2 }, "end": { "line": 21, "column": 7 } },
      "12": { "start": { "line": 21, "column": 7 }, "end": { "line": 21, "column": null } },
      "13": { "start": { "line": 22, "column": 2 }, "end": { "line": 22, "column": 12 } },
      "14": { "start": { "line": 22, "column": 12 }, "end": { "line": 22, "column": null } },
      "15": { "start": { "line": 23, "column": 10 }, "end": { "line": 24, "column": 17 } },
      "16": { "start": { "line": 25, "column": 43 }, "end": { "line": 25, "column": 60 } },
      "17": { "start": { "line": 25, "column": 18 }, "end": { "line": 25, "column": 23 } },
      "18": { "start": { "line": 25, "column": 38 }, "end": { "line": 25, "column": 43 } },
      "19": { "start": { "line": 26, "column": 2 }, "end": { "line": 54, "column": 4 } },
      "20": { "start": { "line": 56, "column": 0 }, "end": { "line": 56, "column": 30 } }
    },
    "fnMap": {
      "0": {
        "name": "(anonymous_10)",
        "decl": { "start": { "line": 15, "column": 17 }, "end": { "line": 15, "column": 18 } },
        "loc": { "start": { "line": 24, "column": 17 }, "end": { "line": 55, "column": 1 } }
      }
    },
    "branchMap": {
      "0": {
        "loc": { "start": { "line": 21, "column": 7 }, "end": { "line": 21, "column": null } },
        "type": "cond-expr",
        "locations": [
          { "start": { "line": 21, "column": 10 }, "end": { "line": 21, "column": 16 } },
          { "start": { "line": 21, "column": 16 }, "end": { "line": 21, "column": null } }
        ]
      },
      "1": {
        "loc": { "start": { "line": 22, "column": 12 }, "end": { "line": 22, "column": null } },
        "type": "cond-expr",
        "locations": [
          { "start": { "line": 22, "column": 15 }, "end": { "line": 22, "column": 17 } },
          { "start": { "line": 22, "column": 17 }, "end": { "line": 22, "column": null } }
        ]
      },
      "2": {
        "loc": { "start": { "line": 28, "column": 7 }, "end": { "line": 51, "column": null } },
        "type": "cond-expr",
        "locations": [
          { "start": { "line": 30, "column": 8 }, "end": { "line": 36, "column": null } },
          { "start": { "line": 40, "column": 8 }, "end": { "line": 50, "column": null } }
        ]
      },
      "3": {
        "loc": { "start": { "line": 35, "column": 20 }, "end": { "line": 35, "column": 44 } },
        "type": "cond-expr",
        "locations": [
          { "start": { "line": 35, "column": 20 }, "end": { "line": 35, "column": 28 } },
          { "start": { "line": 35, "column": 32 }, "end": { "line": 35, "column": 44 } }
        ]
      },
      "4": {
        "loc": { "start": { "line": 35, "column": 20 }, "end": { "line": 35, "column": 32 } },
        "type": "binary-expr",
        "locations": [
          { "start": { "line": 35, "column": 20 }, "end": { "line": 35, "column": 32 } },
          { "start": { "line": 35, "column": 20 }, "end": { "line": 35, "column": 32 } }
        ]
      },
      "5": {
        "loc": { "start": { "line": 41, "column": 17 }, "end": { "line": 41, "column": 85 } },
        "type": "cond-expr",
        "locations": [
          { "start": { "line": 41, "column": 64 }, "end": { "line": 41, "column": 73 } },
          { "start": { "line": 41, "column": 76 }, "end": { "line": 41, "column": 85 } }
        ]
      },
      "6": {
        "loc": { "start": { "line": 47, "column": 24 }, "end": { "line": 47, "column": 48 } },
        "type": "cond-expr",
        "locations": [
          { "start": { "line": 47, "column": 24 }, "end": { "line": 47, "column": 32 } },
          { "start": { "line": 47, "column": 36 }, "end": { "line": 47, "column": 48 } }
        ]
      },
      "7": {
        "loc": { "start": { "line": 47, "column": 24 }, "end": { "line": 47, "column": 36 } },
        "type": "binary-expr",
        "locations": [
          { "start": { "line": 47, "column": 24 }, "end": { "line": 47, "column": 36 } },
          { "start": { "line": 47, "column": 24 }, "end": { "line": 47, "column": 36 } }
        ]
      }
    },
    "s": {
      "0": 1,
      "1": 1,
      "2": 1,
      "3": 1,
      "4": 1,
      "5": 1,
      "6": 13,
      "7": 13,
      "8": 13,
      "9": 13,
      "10": 13,
      "11": 13,
      "12": 13,
      "13": 13,
      "14": 13,
      "15": 13,
      "16": 13,
      "17": 13,
      "18": 13,
      "19": 13,
      "20": 1
    },
    "f": { "0": 13 },
    "b": {
      "0": [13, 0],
      "1": [13, 0],
      "2": [4, 9],
      "3": [0, 4],
      "4": [4, 4],
      "5": [0, 9],
      "6": [0, 9],
      "7": [9, 9]
    }
  },
  "/Users/huangyi17/Public/work/test/schema-form/packages/element/src/components/SchemaForm/RenderWrap.tsx": {
    "path": "/Users/huangyi17/Public/work/test/schema-form/packages/element/src/components/SchemaForm/RenderWrap.tsx",
    "statementMap": {
      "0": { "start": { "line": 7, "column": 0 }, "end": { "line": 7, "column": 51 } },
      "1": { "start": { "line": 9, "column": 0 }, "end": { "line": 9, "column": 44 } },
      "2": { "start": { "line": 16, "column": 19 }, "end": { "line": 42, "column": 1 } },
      "3": { "start": { "line": 16, "column": 30 }, "end": { "line": 16, "column": 32 } },
      "4": { "start": { "line": 16, "column": 38 }, "end": { "line": 16, "column": 40 } },
      "5": { "start": { "line": 16, "column": 46 }, "end": { "line": 16, "column": 48 } },
      "6": { "start": { "line": 16, "column": 61 }, "end": { "line": 16, "column": 63 } },
      "7": { "start": { "line": 16, "column": 71 }, "end": { "line": 16, "column": 73 } },
      "8": { "start": { "line": 16, "column": 83 }, "end": { "line": 16, "column": 93 } },
      "9": { "start": { "line": 17, "column": 24 }, "end": { "line": 17, "column": 34 } },
      "10": { "start": { "line": 17, "column": 12 }, "end": { "line": 17, "column": 14 } },
      "11": { "start": { "line": 17, "column": 20 }, "end": { "line": 17, "column": 24 } },
      "12": { "start": { "line": 18, "column": 23 }, "end": { "line": 23, "column": 3 } },
      "13": { "start": { "line": 19, "column": 16 }, "end": { "line": 19, "column": 41 } },
      "14": { "start": { "line": 20, "column": 4 }, "end": { "line": 20, "column": 16 } },
      "15": { "start": { "line": 21, "column": 4 }, "end": { "line": 21, "column": 32 } },
      "16": { "start": { "line": 22, "column": 4 }, "end": { "line": 22, "column": 20 } },
      "17": { "start": { "line": 24, "column": 2 }, "end": { "line": 26, "column": 15 } },
      "18": { "start": { "line": 25, "column": 4 }, "end": { "line": 25, "column": 19 } },
      "19": { "start": { "line": 28, "column": 2 }, "end": { "line": 30, "column": 25 } },
      "20": { "start": { "line": 29, "column": 4 }, "end": { "line": 29, "column": 29 } },
      "21": { "start": { "line": 32, "column": 2 }, "end": { "line": 41, "column": 4 } },
      "22": { "start": { "line": 43, "column": 0 }, "end": { "line": 43, "column": 26 } }
    },
    "fnMap": {
      "0": {
        "name": "(anonymous_6)",
        "decl": { "start": { "line": 16, "column": 19 }, "end": { "line": 16, "column": 20 } },
        "loc": { "start": { "line": 16, "column": 93 }, "end": { "line": 42, "column": 1 } }
      },
      "1": {
        "name": "(anonymous_7)",
        "decl": { "start": { "line": 18, "column": 23 }, "end": { "line": 18, "column": 24 } },
        "loc": { "start": { "line": 18, "column": 35 }, "end": { "line": 23, "column": 3 } }
      },
      "2": {
        "name": "(anonymous_8)",
        "decl": { "start": { "line": 24, "column": 12 }, "end": { "line": 24, "column": null } },
        "loc": { "start": { "line": 24, "column": 12 }, "end": { "line": 26, "column": 3 } }
      },
      "3": {
        "name": "(anonymous_9)",
        "decl": { "start": { "line": 28, "column": 12 }, "end": { "line": 28, "column": null } },
        "loc": { "start": { "line": 28, "column": 12 }, "end": { "line": 30, "column": 3 } }
      }
    },
    "branchMap": {
      "0": {
        "loc": { "start": { "line": 21, "column": 4 }, "end": { "line": 21, "column": 31 } },
        "type": "cond-expr",
        "locations": [
          { "start": { "line": 21, "column": 24 }, "end": { "line": 21, "column": 27 } },
          { "start": { "line": 21, "column": 24 }, "end": { "line": 21, "column": 31 } }
        ]
      },
      "1": {
        "loc": { "start": { "line": 21, "column": 4 }, "end": { "line": 21, "column": 27 } },
        "type": "binary-expr",
        "locations": [
          { "start": { "line": 21, "column": 4 }, "end": { "line": 21, "column": 27 } },
          { "start": { "line": 21, "column": 24 }, "end": { "line": 21, "column": 27 } }
        ]
      },
      "2": {
        "loc": { "start": { "line": 21, "column": 4 }, "end": { "line": 21, "column": 24 } },
        "type": "cond-expr",
        "locations": [
          { "start": { "line": 21, "column": 14 }, "end": { "line": 21, "column": 16 } },
          { "start": { "line": 21, "column": 4 }, "end": { "line": 21, "column": 24 } }
        ]
      },
      "3": {
        "loc": { "start": { "line": 21, "column": 4 }, "end": { "line": 21, "column": 16 } },
        "type": "binary-expr",
        "locations": [
          { "start": { "line": 21, "column": 4 }, "end": { "line": 21, "column": 16 } },
          { "start": { "line": 21, "column": 4 }, "end": { "line": 21, "column": 16 } }
        ]
      },
      "4": {
        "loc": { "start": { "line": 22, "column": 4 }, "end": { "line": 22, "column": 19 } },
        "type": "cond-expr",
        "locations": [
          { "start": { "line": 22, "column": 12 }, "end": { "line": 22, "column": 15 } },
          { "start": { "line": 22, "column": 4 }, "end": { "line": 22, "column": 19 } }
        ]
      },
      "5": {
        "loc": { "start": { "line": 22, "column": 4 }, "end": { "line": 22, "column": 15 } },
        "type": "binary-expr",
        "locations": [
          { "start": { "line": 22, "column": 4 }, "end": { "line": 22, "column": 15 } },
          { "start": { "line": 22, "column": 4 }, "end": { "line": 22, "column": 15 } }
        ]
      },
      "6": {
        "loc": { "start": { "line": 34, "column": 7 }, "end": { "line": 39, "column": 8 } },
        "type": "cond-expr",
        "locations": [
          { "start": { "line": 34, "column": 13 }, "end": { "line": 34, "column": 16 } },
          { "start": { "line": 34, "column": 7 }, "end": { "line": 39, "column": 8 } }
        ]
      },
      "7": {
        "loc": { "start": { "line": 34, "column": 7 }, "end": { "line": 34, "column": 16 } },
        "type": "binary-expr",
        "locations": [
          { "start": { "line": 34, "column": 7 }, "end": { "line": 34, "column": 16 } },
          { "start": { "line": 34, "column": 7 }, "end": { "line": 34, "column": 16 } }
        ]
      }
    },
    "s": {
      "0": 1,
      "1": 1,
      "2": 1,
      "3": 7,
      "4": 7,
      "5": 7,
      "6": 7,
      "7": 7,
      "8": 7,
      "9": 7,
      "10": 7,
      "11": 7,
      "12": 7,
      "13": 1,
      "14": 1,
      "15": 1,
      "16": 1,
      "17": 7,
      "18": 3,
      "19": 7,
      "20": 3,
      "21": 7,
      "22": 1
    },
    "f": { "0": 7, "1": 1, "2": 3, "3": 3 },
    "b": {
      "0": [1, 0],
      "1": [1, 1],
      "2": [0, 1],
      "3": [1, 1],
      "4": [0, 1],
      "5": [1, 1],
      "6": [0, 7],
      "7": [7, 7]
    }
  },
  "/Users/huangyi17/Public/work/test/schema-form/packages/element/src/components/SchemaForm/RowLayout.tsx": {
    "path": "/Users/huangyi17/Public/work/test/schema-form/packages/element/src/components/SchemaForm/RowLayout.tsx",
    "statementMap": {
      "0": { "start": { "line": 7, "column": 0 }, "end": { "line": 7, "column": 36 } },
      "1": { "start": { "line": 8, "column": 0 }, "end": { "line": 8, "column": 32 } },
      "2": { "start": { "line": 11, "column": 0 }, "end": { "line": 11, "column": 44 } },
      "3": { "start": { "line": 12, "column": 0 }, "end": { "line": 12, "column": 34 } },
      "4": { "start": { "line": 13, "column": 0 }, "end": { "line": 13, "column": 27 } },
      "5": { "start": { "line": 15, "column": 18 }, "end": { "line": 48, "column": 1 } },
      "6": { "start": { "line": 16, "column": 2 }, "end": { "line": 16, "column": 6 } },
      "7": { "start": { "line": 16, "column": 6 }, "end": { "line": 16, "column": null } },
      "8": { "start": { "line": 17, "column": 2 }, "end": { "line": 17, "column": 9 } },
      "9": { "start": { "line": 17, "column": 9 }, "end": { "line": 17, "column": null } },
      "10": { "start": { "line": 18, "column": 24 }, "end": { "line": 18, "column": null } },
      "11": { "start": { "line": 19, "column": 6 }, "end": { "line": 19, "column": null } },
      "12": { "start": { "line": 20, "column": 14 }, "end": { "line": 21, "column": 27 } },
      "13": { "start": { "line": 22, "column": 36 }, "end": { "line": 22, "column": 52 } },
      "14": { "start": { "line": 22, "column": 10 }, "end": { "line": 22, "column": 16 } },
      "15": { "start": { "line": 22, "column": 16 }, "end": { "line": 22, "column": 23 } },
      "16": { "start": { "line": 22, "column": 23 }, "end": { "line": 22, "column": 27 } },
      "17": { "start": { "line": 22, "column": 27 }, "end": { "line": 22, "column": 36 } },
      "18": { "start": { "line": 23, "column": 2 }, "end": { "line": 47, "column": 4 } },
      "19": { "start": { "line": 25, "column": 25 }, "end": { "line": 25, "column": 30 } },
      "20": { "start": { "line": 25, "column": 35 }, "end": { "line": 25, "column": 39 } },
      "21": { "start": { "line": 26, "column": 25 }, "end": { "line": 26, "column": 88 } },
      "22": { "start": { "line": 27, "column": 8 }, "end": { "line": 44, "column": 10 } },
      "23": { "start": { "line": 49, "column": 0 }, "end": { "line": 49, "column": 31 } }
    },
    "fnMap": {
      "0": {
        "name": "(anonymous_10)",
        "decl": { "start": { "line": 15, "column": 18 }, "end": { "line": 15, "column": 19 } },
        "loc": { "start": { "line": 21, "column": 27 }, "end": { "line": 48, "column": 1 } }
      },
      "1": {
        "name": "(anonymous_11)",
        "decl": { "start": { "line": 25, "column": 19 }, "end": { "line": 25, "column": 20 } },
        "loc": { "start": { "line": 25, "column": 44 }, "end": { "line": 45, "column": 7 } }
      }
    },
    "branchMap": {
      "0": {
        "loc": { "start": { "line": 16, "column": 6 }, "end": { "line": 16, "column": null } },
        "type": "cond-expr",
        "locations": [
          { "start": { "line": 16, "column": 9 }, "end": { "line": 16, "column": 14 } },
          { "start": { "line": 16, "column": 14 }, "end": { "line": 16, "column": null } }
        ]
      },
      "1": {
        "loc": { "start": { "line": 17, "column": 9 }, "end": { "line": 17, "column": null } },
        "type": "cond-expr",
        "locations": [
          { "start": { "line": 17, "column": 12 }, "end": { "line": 17, "column": 14 } },
          { "start": { "line": 17, "column": 14 }, "end": { "line": 17, "column": null } }
        ]
      },
      "2": {
        "loc": { "start": { "line": 22, "column": 16 }, "end": { "line": 22, "column": 23 } },
        "type": "cond-expr",
        "locations": [
          { "start": { "line": 22, "column": 19 }, "end": { "line": 22, "column": 21 } },
          { "start": { "line": 22, "column": 21 }, "end": { "line": 22, "column": 23 } }
        ]
      },
      "3": {
        "loc": { "start": { "line": 22, "column": 27 }, "end": { "line": 22, "column": 36 } },
        "type": "cond-expr",
        "locations": [
          { "start": { "line": 22, "column": 30 }, "end": { "line": 22, "column": 31 } },
          { "start": { "line": 22, "column": 31 }, "end": { "line": 22, "column": 36 } }
        ]
      },
      "4": {
        "loc": { "start": { "line": 28, "column": 35 }, "end": { "line": 28, "column": 46 } },
        "type": "cond-expr",
        "locations": [
          { "start": { "line": 28, "column": 35 }, "end": { "line": 28, "column": 38 } },
          { "start": { "line": 28, "column": 42 }, "end": { "line": 28, "column": 46 } }
        ]
      },
      "5": {
        "loc": { "start": { "line": 28, "column": 35 }, "end": { "line": 28, "column": 42 } },
        "type": "binary-expr",
        "locations": [
          { "start": { "line": 28, "column": 35 }, "end": { "line": 28, "column": 42 } },
          { "start": { "line": 28, "column": 35 }, "end": { "line": 28, "column": 42 } }
        ]
      },
      "6": {
        "loc": { "start": { "line": 28, "column": 53 }, "end": { "line": 28, "column": 96 } },
        "type": "cond-expr",
        "locations": [
          { "start": { "line": 28, "column": 76 }, "end": { "line": 28, "column": 80 } },
          { "start": { "line": 28, "column": 80 }, "end": { "line": 28, "column": 96 } }
        ]
      },
      "7": {
        "loc": { "start": { "line": 28, "column": 53 }, "end": { "line": 28, "column": 80 } },
        "type": "binary-expr",
        "locations": [
          { "start": { "line": 28, "column": 53 }, "end": { "line": 28, "column": 80 } },
          { "start": { "line": 28, "column": 76 }, "end": { "line": 28, "column": 80 } }
        ]
      },
      "8": {
        "loc": { "start": { "line": 28, "column": 53 }, "end": { "line": 28, "column": 76 } },
        "type": "cond-expr",
        "locations": [
          { "start": { "line": 28, "column": 64 }, "end": { "line": 28, "column": 66 } },
          { "start": { "line": 28, "column": 64 }, "end": { "line": 28, "column": 76 } }
        ]
      },
      "9": {
        "loc": { "start": { "line": 28, "column": 53 }, "end": { "line": 28, "column": 66 } },
        "type": "binary-expr",
        "locations": [
          { "start": { "line": 28, "column": 53 }, "end": { "line": 28, "column": 66 } },
          { "start": { "line": 28, "column": 64 }, "end": { "line": 28, "column": 66 } }
        ]
      },
      "10": {
        "loc": { "start": { "line": 28, "column": 53 }, "end": { "line": 28, "column": 64 } },
        "type": "cond-expr",
        "locations": [
          { "start": { "line": 28, "column": 58 }, "end": { "line": 28, "column": 60 } },
          { "start": { "line": 28, "column": 53 }, "end": { "line": 28, "column": 64 } }
        ]
      },
      "11": {
        "loc": { "start": { "line": 28, "column": 53 }, "end": { "line": 28, "column": 60 } },
        "type": "binary-expr",
        "locations": [
          { "start": { "line": 28, "column": 53 }, "end": { "line": 28, "column": 60 } },
          { "start": { "line": 28, "column": 53 }, "end": { "line": 28, "column": 60 } }
        ]
      },
      "12": {
        "loc": { "start": { "line": 29, "column": 13 }, "end": { "line": 41, "column": null } },
        "type": "cond-expr",
        "locations": [
          { "start": { "line": 30, "column": 14 }, "end": { "line": 33, "column": null } },
          { "start": { "line": 36, "column": 14 }, "end": { "line": 40, "column": null } }
        ]
      },
      "13": {
        "loc": { "start": { "line": 38, "column": 24 }, "end": { "line": 38, "column": null } },
        "type": "binary-expr",
        "locations": [
          { "start": { "line": 38, "column": 24 }, "end": { "line": 38, "column": 35 } },
          { "start": { "line": 38, "column": 39 }, "end": { "line": 38, "column": 85 } }
        ]
      },
      "14": {
        "loc": { "start": { "line": 38, "column": 24 }, "end": { "line": 38, "column": 35 } },
        "type": "cond-expr",
        "locations": [
          { "start": { "line": 38, "column": 29 }, "end": { "line": 38, "column": 31 } },
          { "start": { "line": 38, "column": 24 }, "end": { "line": 38, "column": 35 } }
        ]
      },
      "15": {
        "loc": { "start": { "line": 38, "column": 24 }, "end": { "line": 38, "column": 31 } },
        "type": "binary-expr",
        "locations": [
          { "start": { "line": 38, "column": 24 }, "end": { "line": 38, "column": 31 } },
          { "start": { "line": 38, "column": 24 }, "end": { "line": 38, "column": 31 } }
        ]
      },
      "16": {
        "loc": { "start": { "line": 38, "column": 39 }, "end": { "line": 38, "column": 85 } },
        "type": "cond-expr",
        "locations": [
          { "start": { "line": 38, "column": 63 }, "end": { "line": 38, "column": 66 } },
          { "start": { "line": 38, "column": 63 }, "end": { "line": 38, "column": 85 } }
        ]
      },
      "17": {
        "loc": { "start": { "line": 38, "column": 39 }, "end": { "line": 38, "column": 66 } },
        "type": "binary-expr",
        "locations": [
          { "start": { "line": 38, "column": 39 }, "end": { "line": 38, "column": 66 } },
          { "start": { "line": 38, "column": 63 }, "end": { "line": 38, "column": 66 } }
        ]
      },
      "18": {
        "loc": { "start": { "line": 38, "column": 39 }, "end": { "line": 38, "column": 63 } },
        "type": "cond-expr",
        "locations": [
          { "start": { "line": 38, "column": 48 }, "end": { "line": 38, "column": 50 } },
          { "start": { "line": 38, "column": 39 }, "end": { "line": 38, "column": 63 } }
        ]
      },
      "19": {
        "loc": { "start": { "line": 38, "column": 39 }, "end": { "line": 38, "column": 50 } },
        "type": "binary-expr",
        "locations": [
          { "start": { "line": 38, "column": 39 }, "end": { "line": 38, "column": 50 } },
          { "start": { "line": 38, "column": 39 }, "end": { "line": 38, "column": 50 } }
        ]
      },
      "20": {
        "loc": { "start": { "line": 38, "column": 66 }, "end": { "line": 38, "column": 84 } },
        "type": "cond-expr",
        "locations": [
          { "start": { "line": 38, "column": 71 }, "end": { "line": 38, "column": 73 } },
          { "start": { "line": 38, "column": 66 }, "end": { "line": 38, "column": 84 } }
        ]
      },
      "21": {
        "loc": { "start": { "line": 38, "column": 66 }, "end": { "line": 38, "column": 73 } },
        "type": "binary-expr",
        "locations": [
          { "start": { "line": 38, "column": 66 }, "end": { "line": 38, "column": 73 } },
          { "start": { "line": 38, "column": 66 }, "end": { "line": 38, "column": 73 } }
        ]
      }
    },
    "s": {
      "0": 1,
      "1": 1,
      "2": 1,
      "3": 1,
      "4": 1,
      "5": 1,
      "6": 1,
      "7": 1,
      "8": 1,
      "9": 1,
      "10": 1,
      "11": 1,
      "12": 1,
      "13": 1,
      "14": 1,
      "15": 1,
      "16": 1,
      "17": 1,
      "18": 1,
      "19": 2,
      "20": 2,
      "21": 2,
      "22": 2,
      "23": 1
    },
    "f": { "0": 1, "1": 2 },
    "b": {
      "0": [0, 1],
      "1": [0, 1],
      "2": [1, 0],
      "3": [1, 0],
      "4": [0, 2],
      "5": [2, 2],
      "6": [2, 0],
      "7": [2, 2],
      "8": [0, 2],
      "9": [2, 2],
      "10": [0, 2],
      "11": [2, 2],
      "12": [0, 2],
      "13": [2, 2],
      "14": [0, 2],
      "15": [2, 2],
      "16": [2, 0],
      "17": [2, 2],
      "18": [0, 2],
      "19": [2, 2],
      "20": [0, 0],
      "21": [0, 0]
    }
  },
  "/Users/huangyi17/Public/work/test/schema-form/packages/element/src/components/SchemaForm/index.tsx": {
    "path": "/Users/huangyi17/Public/work/test/schema-form/packages/element/src/components/SchemaForm/index.tsx",
    "statementMap": {
      "0": { "start": { "line": 1, "column": 0 }, "end": { "line": 1, "column": 36 } },
      "1": { "start": { "line": 2, "column": 0 }, "end": { "line": 2, "column": 28 } },
      "2": { "start": { "line": 5, "column": 0 }, "end": { "line": 5, "column": 36 } },
      "3": { "start": { "line": 6, "column": 0 }, "end": { "line": 6, "column": 42 } },
      "4": { "start": { "line": 8, "column": 19 }, "end": { "line": 23, "column": 1 } },
      "5": { "start": { "line": 8, "column": 22 }, "end": { "line": 8, "column": 26 } },
      "6": { "start": { "line": 8, "column": 26 }, "end": { "line": 8, "column": 39 } },
      "7": { "start": { "line": 8, "column": 49 }, "end": { "line": 8, "column": 77 } },
      "8": { "start": { "line": 9, "column": 47 }, "end": { "line": 9, "column": 58 } },
      "9": { "start": { "line": 9, "column": 17 }, "end": { "line": 9, "column": 24 } },
      "10": { "start": { "line": 9, "column": 42 }, "end": { "line": 9, "column": 47 } },
      "11": { "start": { "line": 10, "column": 2 }, "end": { "line": 22, "column": 4 } },
      "12": { "start": { "line": 24, "column": 0 }, "end": { "line": 24, "column": 38 } },
      "13": { "start": { "line": 25, "column": 0 }, "end": { "line": 25, "column": 32 } }
    },
    "fnMap": {
      "0": {
        "name": "(anonymous_10)",
        "decl": { "start": { "line": 8, "column": 19 }, "end": { "line": 8, "column": 20 } },
        "loc": { "start": { "line": 8, "column": 77 }, "end": { "line": 23, "column": 1 } }
      }
    },
    "branchMap": {
      "0": {
        "loc": { "start": { "line": 8, "column": 26 }, "end": { "line": 8, "column": 39 } },
        "type": "cond-expr",
        "locations": [
          { "start": { "line": 8, "column": 29 }, "end": { "line": 8, "column": 34 } },
          { "start": { "line": 8, "column": 34 }, "end": { "line": 8, "column": 39 } }
        ]
      },
      "1": {
        "loc": { "start": { "line": 9, "column": 17 }, "end": { "line": 9, "column": 24 } },
        "type": "cond-expr",
        "locations": [
          { "start": { "line": 9, "column": 20 }, "end": { "line": 9, "column": 22 } },
          { "start": { "line": 9, "column": 22 }, "end": { "line": 9, "column": 24 } }
        ]
      },
      "2": {
        "loc": { "start": { "line": 12, "column": 7 }, "end": { "line": 20, "column": 14 } },
        "type": "cond-expr",
        "locations": [
          { "start": { "line": 13, "column": 8 }, "end": { "line": 18, "column": null } },
          { "start": { "line": 20, "column": 10 }, "end": { "line": 20, "column": 14 } }
        ]
      },
      "3": {
        "loc": { "start": { "line": 12, "column": 7 }, "end": { "line": 12, "column": 22 } },
        "type": "cond-expr",
        "locations": [
          { "start": { "line": 12, "column": 14 }, "end": { "line": 12, "column": 16 } },
          { "start": { "line": 12, "column": 7 }, "end": { "line": 12, "column": 22 } }
        ]
      },
      "4": {
        "loc": { "start": { "line": 12, "column": 7 }, "end": { "line": 12, "column": 16 } },
        "type": "binary-expr",
        "locations": [
          { "start": { "line": 12, "column": 7 }, "end": { "line": 12, "column": 16 } },
          { "start": { "line": 12, "column": 7 }, "end": { "line": 12, "column": 16 } }
        ]
      },
      "5": {
        "loc": { "start": { "line": 14, "column": 11 }, "end": { "line": 17, "column": null } },
        "type": "cond-expr",
        "locations": [
          { "start": { "line": 15, "column": 12 }, "end": { "line": 15, "column": 53 } },
          { "start": { "line": 17, "column": 12 }, "end": { "line": 17, "column": 56 } }
        ]
      }
    },
    "s": {
      "0": 1,
      "1": 1,
      "2": 1,
      "3": 1,
      "4": 1,
      "5": 8,
      "6": 8,
      "7": 8,
      "8": 16,
      "9": 8,
      "10": 8,
      "11": 8,
      "12": 1,
      "13": 1
    },
    "f": { "0": 8 },
    "b": { "0": [1, 7], "1": [1, 7], "2": [7, 1], "3": [0, 8], "4": [8, 8], "5": [1, 6] }
  },
  "/Users/huangyi17/Public/work/test/schema-form/packages/element/src/components/SchemaForm/utils.ts": {
    "path": "/Users/huangyi17/Public/work/test/schema-form/packages/element/src/components/SchemaForm/utils.ts",
    "statementMap": {
      "0": { "start": { "line": 9, "column": 33 }, "end": { "line": 17, "column": 1 } },
      "1": { "start": { "line": 11, "column": 2 }, "end": { "line": 15, "column": null } },
      "2": { "start": { "line": 12, "column": 4 }, "end": { "line": 12, "column": 30 } },
      "3": { "start": { "line": 14, "column": 4 }, "end": { "line": 14, "column": 17 } },
      "4": { "start": { "line": 16, "column": 2 }, "end": { "line": 16, "column": 13 } },
      "5": { "start": { "line": 9, "column": 13 }, "end": { "line": 9, "column": 33 } }
    },
    "fnMap": {
      "0": {
        "name": "(anonymous_0)",
        "decl": { "start": { "line": 9, "column": 33 }, "end": { "line": 9, "column": 34 } },
        "loc": { "start": { "line": 9, "column": 45 }, "end": { "line": 17, "column": 1 } }
      }
    },
    "branchMap": {
      "0": {
        "loc": { "start": { "line": 11, "column": 2 }, "end": { "line": 15, "column": null } },
        "type": "if",
        "locations": [
          { "start": { "line": 11, "column": 2 }, "end": { "line": 15, "column": null } },
          { "start": { "line": 13, "column": 9 }, "end": { "line": 15, "column": null } }
        ]
      },
      "1": {
        "loc": { "start": { "line": 11, "column": 6 }, "end": { "line": 11, "column": 20 } },
        "type": "cond-expr",
        "locations": [
          { "start": { "line": 11, "column": 12 }, "end": { "line": 11, "column": 14 } },
          { "start": { "line": 11, "column": 6 }, "end": { "line": 11, "column": 20 } }
        ]
      },
      "2": {
        "loc": { "start": { "line": 11, "column": 6 }, "end": { "line": 11, "column": 14 } },
        "type": "binary-expr",
        "locations": [
          { "start": { "line": 11, "column": 6 }, "end": { "line": 11, "column": 14 } },
          { "start": { "line": 11, "column": 6 }, "end": { "line": 11, "column": 14 } }
        ]
      }
    },
    "s": { "0": 5, "1": 12, "2": 4, "3": 8, "4": 12, "5": 5 },
    "f": { "0": 12 },
    "b": { "0": [4, 8], "1": [0, 12], "2": [12, 12] }
  }
}
