TN:
SF:src/global.d.ts
FNF:0
FNH:0
LF:0
LH:0
BRF:0
BRH:0
end_of_record
TN:
SF:src/index.tsx
FNF:0
FNH:0
DA:7,1
DA:8,1
DA:10,1
DA:12,1
LF:4
LH:4
BRF:0
BRH:0
end_of_record
TN:
SF:src/components/Element.tsx
FN:115,Element
FN:118,(anonymous_11)
FN:124,(anonymous_12)
FN:128,(anonymous_13)
FNF:4
FNH:4
FNDA:41,Element
FNDA:4,(anonymous_11)
FNDA:19,(anonymous_12)
FNDA:24,(anonymous_13)
DA:7,2
DA:37,2
DA:56,2
DA:57,2
DA:58,2
DA:59,2
DA:115,41
DA:116,41
DA:117,41
DA:118,41
DA:119,4
DA:120,4
DA:121,4
DA:122,4
DA:124,41
DA:125,19
DA:128,41
DA:129,24
DA:132,41
DA:134,9
DA:136,4
DA:138,22
DA:149,0
DA:161,0
DA:163,0
DA:165,0
DA:167,0
DA:169,0
DA:171,0
DA:173,6
DA:175,0
DA:177,0
DA:179,0
DA:181,0
DA:183,0
DA:185,0
DA:187,0
DA:189,0
DA:191,0
DA:202,0
DA:204,0
DA:206,0
DA:224,0
DA:226,0
DA:228,0
DA:230,0
DA:233,2
DA:234,2
LF:48
LH:25
BRDA:116,0,0,21
BRDA:116,0,1,20
BRDA:116,1,0,41
BRDA:116,1,1,41
BRDA:117,2,0,17
BRDA:117,2,1,24
BRDA:117,3,0,41
BRDA:117,3,1,41
BRDA:121,4,0,4
BRDA:121,4,1,0
BRDA:121,5,0,4
BRDA:121,5,1,4
BRDA:121,6,0,0
BRDA:121,6,1,4
BRDA:121,7,0,4
BRDA:121,7,1,4
BRDA:122,8,0,0
BRDA:122,8,1,4
BRDA:122,9,0,4
BRDA:122,9,1,4
BRDA:132,10,0,9
BRDA:132,10,1,4
BRDA:132,10,2,22
BRDA:132,10,3,0
BRDA:132,10,4,0
BRDA:132,10,5,0
BRDA:132,10,6,0
BRDA:132,10,7,0
BRDA:132,10,8,0
BRDA:132,10,9,0
BRDA:132,10,10,6
BRDA:132,10,11,0
BRDA:132,10,12,0
BRDA:132,10,13,0
BRDA:132,10,14,0
BRDA:132,10,15,0
BRDA:132,10,16,0
BRDA:132,10,17,0
BRDA:132,10,18,0
BRDA:132,10,19,0
BRDA:132,10,20,0
BRDA:132,10,21,0
BRDA:132,10,22,0
BRDA:132,10,23,0
BRDA:132,10,24,0
BRDA:132,10,25,0
BRDA:132,10,26,0
BRDA:152,11,0,0
BRDA:152,11,1,0
BRDA:152,12,0,0
BRDA:152,12,1,0
BRDA:193,13,0,0
BRDA:193,13,1,0
BRDA:193,14,0,0
BRDA:193,14,1,0
BRDA:209,15,0,0
BRDA:209,15,1,0
BRDA:209,16,0,0
BRDA:209,16,1,0
BRDA:213,17,0,0
BRDA:213,17,1,0
BRF:61
BRH:21
end_of_record
TN:
SF:src/components/Field.tsx
FN:14,(anonymous_9)
FNF:1
FNH:1
FNDA:33,(anonymous_9)
DA:8,4
DA:10,4
DA:11,4
DA:14,4
DA:15,99
DA:16,33
DA:17,33
DA:27,4
DA:28,4
LF:9
LH:9
BRDA:15,0,0,1
BRDA:15,0,1,32
BRDA:16,1,0,0
BRDA:16,1,1,33
BRDA:16,2,0,33
BRDA:16,2,1,33
BRDA:16,3,0,17
BRDA:16,3,1,16
BRDA:16,4,0,33
BRDA:16,4,1,33
BRDA:16,5,0,0
BRDA:16,5,1,33
BRDA:16,6,0,33
BRDA:16,6,1,33
BRDA:19,7,0,4
BRDA:19,7,1,29
BRF:16
BRH:14
end_of_record
TN:
SF:src/components/InputWrap.tsx
FN:13,(anonymous_9)
FN:19,(anonymous_10)
FN:25,(anonymous_11)
FN:29,(anonymous_12)
FN:41,(anonymous_13)
FNF:5
FNH:4
FNDA:42,(anonymous_9)
FNDA:7,(anonymous_10)
FNDA:1,(anonymous_11)
FNDA:0,(anonymous_12)
FNDA:30,(anonymous_13)
DA:7,5
DA:9,5
DA:10,5
DA:13,42
DA:15,42
DA:17,42
DA:19,42
DA:20,7
DA:21,7
DA:22,7
DA:25,42
DA:26,1
DA:27,1
DA:28,1
DA:29,0
DA:30,0
DA:31,0
DA:34,1
DA:35,1
DA:38,1
DA:39,1
DA:41,42
DA:42,30
DA:43,4
DA:48,42
DA:59,5
DA:60,5
LF:27
LH:24
BRDA:13,0,0,23
BRDA:13,0,1,19
BRDA:17,1,0,42
BRDA:17,1,1,0
BRDA:22,2,0,0
BRDA:22,2,1,7
BRDA:22,3,0,7
BRDA:22,3,1,7
BRDA:27,4,0,1
BRDA:27,5,0,1
BRDA:27,5,1,1
BRDA:27,5,2,0
BRDA:28,6,0,0
BRDA:28,6,1,1
BRDA:30,7,0,0
BRDA:30,7,1,0
BRDA:30,8,0,0
BRDA:30,8,1,0
BRDA:31,9,0,0
BRDA:31,9,1,0
BRDA:34,10,0,0
BRDA:34,10,1,1
BRDA:34,11,0,1
BRDA:34,11,1,1
BRDA:35,12,0,0
BRDA:35,12,1,1
BRDA:39,13,0,0
BRDA:39,13,1,1
BRDA:39,14,0,1
BRDA:39,14,1,1
BRDA:42,15,0,4
BRDA:42,16,0,30
BRDA:42,16,1,24
BRF:33
BRH:20
end_of_record
TN:
SF:src/components/Text.tsx
FN:11,(anonymous_6)
FNF:1
FNH:1
FNDA:16,(anonymous_6)
DA:7,5
DA:8,5
DA:11,16
DA:25,5
LF:4
LH:4
BRDA:11,0,0,16
BRDA:11,0,1,0
BRDA:14,1,0,16
BRDA:14,1,1,0
BRF:4
BRH:2
end_of_record
TN:
SF:src/components/ListWrap/index.tsx
FN:11,(anonymous_9)
FN:17,(anonymous_10)
FNF:2
FNH:2
FNDA:7,(anonymous_9)
FNDA:14,(anonymous_10)
DA:7,3
DA:9,3
DA:11,3
DA:12,21
DA:13,7
DA:18,14
DA:29,3
DA:30,3
LF:8
LH:8
BRDA:15,0,0,6
BRDA:15,0,1,1
BRDA:15,1,0,7
BRDA:15,1,1,6
BRDA:17,2,0,0
BRDA:17,2,1,6
BRDA:17,3,0,6
BRDA:17,3,1,6
BRF:8
BRH:7
end_of_record
TN:
SF:src/components/SchemaForm/CustomLayout.tsx
FN:13,(anonymous_10)
FN:22,(anonymous_11)
FNF:2
FNH:2
FNDA:6,(anonymous_10)
FNDA:11,(anonymous_11)
DA:7,1
DA:10,1
DA:11,1
DA:13,1
DA:14,6
DA:15,6
DA:16,6
DA:17,6
DA:18,6
DA:20,6
DA:23,11
DA:45,1
LF:12
LH:12
BRDA:14,0,0,0
BRDA:14,0,1,6
BRDA:15,1,0,0
BRDA:15,1,1,6
BRDA:24,2,0,10
BRDA:24,2,1,1
BRDA:24,3,0,11
BRDA:24,3,1,11
BRDA:24,4,0,1
BRDA:24,4,1,10
BRDA:24,5,0,11
BRDA:24,5,1,11
BRDA:24,6,0,0
BRDA:24,6,1,11
BRDA:24,7,0,11
BRDA:24,7,1,11
BRDA:25,8,0,0
BRDA:25,8,1,11
BRDA:34,9,0,11
BRDA:34,9,1,10
BRDA:34,10,0,0
BRDA:34,10,1,11
BRDA:34,11,0,11
BRDA:34,11,1,11
BRDA:34,12,0,2
BRDA:34,12,1,8
BRDA:34,13,0,10
BRDA:34,13,1,10
BRDA:34,14,0,0
BRDA:34,14,1,10
BRDA:34,15,0,10
BRDA:34,15,1,10
BRDA:34,16,0,0
BRDA:34,16,1,8
BRDA:34,17,0,8
BRDA:34,17,1,8
BRF:36
BRH:29
end_of_record
TN:
SF:src/components/SchemaForm/ItemGroupWrap.tsx
FN:18,(anonymous_9)
FN:22,(anonymous_10)
FNF:2
FNH:0
FNDA:0,(anonymous_9)
FNDA:0,(anonymous_10)
DA:7,1
DA:9,1
DA:18,1
DA:19,0
DA:22,0
DA:35,1
LF:6
LH:4
BRDA:21,0,0,0
BRDA:21,0,1,0
BRDA:21,1,0,0
BRDA:21,1,1,0
BRDA:21,2,0,0
BRDA:21,2,1,0
BRDA:24,3,0,0
BRDA:24,3,1,0
BRDA:24,4,0,0
BRDA:24,4,1,0
BRDA:24,5,0,0
BRDA:24,5,1,0
BRDA:24,6,0,0
BRDA:24,6,1,0
BRDA:24,7,0,0
BRDA:24,7,1,0
BRDA:24,8,0,0
BRDA:24,8,1,0
BRDA:26,9,0,0
BRDA:26,9,1,0
BRDA:26,10,0,0
BRDA:26,10,1,0
BRDA:26,11,0,0
BRDA:26,11,1,0
BRDA:26,12,0,0
BRDA:26,12,1,0
BRDA:26,13,0,0
BRDA:26,13,1,0
BRDA:26,14,0,0
BRDA:26,14,1,0
BRDA:26,15,0,0
BRDA:26,15,1,0
BRF:32
BRH:0
end_of_record
TN:
SF:src/components/SchemaForm/ItemWrap.tsx
FN:15,(anonymous_10)
FNF:1
FNH:1
FNDA:13,(anonymous_10)
DA:7,1
DA:8,1
DA:10,1
DA:11,1
DA:13,1
DA:15,1
DA:16,13
DA:17,13
DA:18,13
DA:19,13
DA:20,13
DA:21,13
DA:22,13
DA:23,13
DA:25,13
DA:26,13
DA:56,1
LF:17
LH:17
BRDA:21,0,0,13
BRDA:21,0,1,0
BRDA:22,1,0,13
BRDA:22,1,1,0
BRDA:28,2,0,4
BRDA:28,2,1,9
BRDA:35,3,0,0
BRDA:35,3,1,4
BRDA:35,4,0,4
BRDA:35,4,1,4
BRDA:41,5,0,0
BRDA:41,5,1,9
BRDA:47,6,0,0
BRDA:47,6,1,9
BRDA:47,7,0,9
BRDA:47,7,1,9
BRF:16
BRH:11
end_of_record
TN:
SF:src/components/SchemaForm/RenderWrap.tsx
FN:16,(anonymous_6)
FN:18,(anonymous_7)
FN:24,(anonymous_8)
FN:28,(anonymous_9)
FNF:4
FNH:4
FNDA:7,(anonymous_6)
FNDA:1,(anonymous_7)
FNDA:3,(anonymous_8)
FNDA:3,(anonymous_9)
DA:7,1
DA:9,1
DA:16,7
DA:17,7
DA:18,7
DA:19,1
DA:20,1
DA:21,1
DA:22,1
DA:24,7
DA:25,3
DA:28,7
DA:29,3
DA:32,7
DA:43,1
LF:15
LH:15
BRDA:21,0,0,1
BRDA:21,0,1,0
BRDA:21,1,0,1
BRDA:21,1,1,1
BRDA:21,2,0,0
BRDA:21,2,1,1
BRDA:21,3,0,1
BRDA:21,3,1,1
BRDA:22,4,0,0
BRDA:22,4,1,1
BRDA:22,5,0,1
BRDA:22,5,1,1
BRDA:34,6,0,0
BRDA:34,6,1,7
BRDA:34,7,0,7
BRDA:34,7,1,7
BRF:16
BRH:12
end_of_record
TN:
SF:src/components/SchemaForm/RowLayout.tsx
FN:15,(anonymous_10)
FN:25,(anonymous_11)
FNF:2
FNH:2
FNDA:1,(anonymous_10)
FNDA:2,(anonymous_11)
DA:7,1
DA:8,1
DA:11,1
DA:12,1
DA:13,1
DA:15,1
DA:16,1
DA:17,1
DA:18,1
DA:19,1
DA:20,1
DA:22,1
DA:23,1
DA:25,2
DA:26,2
DA:27,2
DA:49,1
LF:17
LH:17
BRDA:16,0,0,0
BRDA:16,0,1,1
BRDA:17,1,0,0
BRDA:17,1,1,1
BRDA:22,2,0,1
BRDA:22,2,1,0
BRDA:22,3,0,1
BRDA:22,3,1,0
BRDA:28,4,0,0
BRDA:28,4,1,2
BRDA:28,5,0,2
BRDA:28,5,1,2
BRDA:28,6,0,2
BRDA:28,6,1,0
BRDA:28,7,0,2
BRDA:28,7,1,2
BRDA:28,8,0,0
BRDA:28,8,1,2
BRDA:28,9,0,2
BRDA:28,9,1,2
BRDA:28,10,0,0
BRDA:28,10,1,2
BRDA:28,11,0,2
BRDA:28,11,1,2
BRDA:29,12,0,0
BRDA:29,12,1,2
BRDA:38,13,0,2
BRDA:38,13,1,2
BRDA:38,14,0,0
BRDA:38,14,1,2
BRDA:38,15,0,2
BRDA:38,15,1,2
BRDA:38,16,0,2
BRDA:38,16,1,0
BRDA:38,17,0,2
BRDA:38,17,1,2
BRDA:38,18,0,0
BRDA:38,18,1,2
BRDA:38,19,0,2
BRDA:38,19,1,2
BRDA:38,20,0,0
BRDA:38,20,1,0
BRDA:38,21,0,0
BRDA:38,21,1,0
BRF:44
BRH:28
end_of_record
TN:
SF:src/components/SchemaForm/index.tsx
FN:8,(anonymous_10)
FNF:1
FNH:1
FNDA:8,(anonymous_10)
DA:1,1
DA:2,1
DA:5,1
DA:6,1
DA:8,8
DA:9,16
DA:10,8
DA:24,1
DA:25,1
LF:9
LH:9
BRDA:8,0,0,1
BRDA:8,0,1,7
BRDA:9,1,0,1
BRDA:9,1,1,7
BRDA:12,2,0,7
BRDA:12,2,1,1
BRDA:12,3,0,0
BRDA:12,3,1,8
BRDA:12,4,0,8
BRDA:12,4,1,8
BRDA:14,5,0,1
BRDA:14,5,1,6
BRF:12
BRH:11
end_of_record
TN:
SF:src/components/SchemaForm/utils.ts
FN:9,(anonymous_0)
FNF:1
FNH:1
FNDA:12,(anonymous_0)
DA:9,5
DA:11,12
DA:12,4
DA:14,8
DA:16,12
LF:5
LH:5
BRDA:11,0,0,4
BRDA:11,0,1,8
BRDA:11,1,0,0
BRDA:11,1,1,12
BRDA:11,2,0,12
BRDA:11,2,1,12
BRF:6
BRH:5
end_of_record
